[2023-08-29T18:38:10.908+0000] {manager.py:488} INFO - Processing files using up to 4 processes at a time 
[2023-08-29T18:38:10.908+0000] {manager.py:489} INFO - Process each file at most once every 30 seconds
[2023-08-29T18:38:10.908+0000] {manager.py:490} INFO - Checking for new files in /opt/airflow/dags every 60 seconds
[2023-08-29T18:38:10.909+0000] {manager.py:760} INFO - Searching for files in /opt/airflow/dags
[2023-08-29T18:38:10.909+0000] {manager.py:763} INFO - There are 0 files in /opt/airflow/dags
[2023-08-29T18:39:11.218+0000] {manager.py:760} INFO - Searching for files in /opt/airflow/dags
[2023-08-29T18:39:11.218+0000] {manager.py:763} INFO - There are 0 files in /opt/airflow/dags
[2023-08-29T18:40:11.537+0000] {manager.py:760} INFO - Searching for files in /opt/airflow/dags
[2023-08-29T18:40:11.538+0000] {manager.py:763} INFO - There are 0 files in /opt/airflow/dags
[2023-08-29T18:41:11.834+0000] {manager.py:760} INFO - Searching for files in /opt/airflow/dags
[2023-08-29T18:41:11.834+0000] {manager.py:763} INFO - There are 0 files in /opt/airflow/dags
[2023-08-29T18:42:12.139+0000] {manager.py:760} INFO - Searching for files in /opt/airflow/dags
[2023-08-29T18:42:12.140+0000] {manager.py:763} INFO - There are 0 files in /opt/airflow/dags
[2023-08-29T18:43:12.460+0000] {manager.py:760} INFO - Searching for files in /opt/airflow/dags
[2023-08-29T18:43:12.460+0000] {manager.py:763} INFO - There are 0 files in /opt/airflow/dags
[2023-08-29T18:44:12.761+0000] {manager.py:760} INFO - Searching for files in /opt/airflow/dags
[2023-08-29T18:44:12.761+0000] {manager.py:763} INFO - There are 0 files in /opt/airflow/dags
[2023-08-29T18:45:13.059+0000] {manager.py:760} INFO - Searching for files in /opt/airflow/dags
[2023-08-29T18:45:13.060+0000] {manager.py:763} INFO - There are 0 files in /opt/airflow/dags
[2023-08-29T18:45:21.785+0000] {manager.py:470} INFO - Exiting gracefully upon receiving signal 15
[2023-08-29T18:45:54.427+0000] {manager.py:488} INFO - Processing files using up to 4 processes at a time 
[2023-08-29T18:45:54.427+0000] {manager.py:489} INFO - Process each file at most once every 30 seconds
[2023-08-29T18:45:54.427+0000] {manager.py:490} INFO - Checking for new files in /opt/airflow/dags every 60 seconds
[2023-08-29T18:45:54.427+0000] {manager.py:760} INFO - Searching for files in /opt/airflow/dags
[2023-08-29T18:45:54.428+0000] {manager.py:763} INFO - There are 0 files in /opt/airflow/dags
[2023-08-29T18:46:54.725+0000] {manager.py:760} INFO - Searching for files in /opt/airflow/dags
[2023-08-29T18:46:54.726+0000] {manager.py:763} INFO - There are 0 files in /opt/airflow/dags
[2023-08-29T18:47:55.004+0000] {manager.py:760} INFO - Searching for files in /opt/airflow/dags
[2023-08-29T18:47:55.005+0000] {manager.py:763} INFO - There are 0 files in /opt/airflow/dags
[2023-08-29T18:48:02.183+0000] {manager.py:470} INFO - Exiting gracefully upon receiving signal 15
[2023-08-29T18:55:03.730+0000] {manager.py:488} INFO - Processing files using up to 4 processes at a time 
[2023-08-29T18:55:03.731+0000] {manager.py:489} INFO - Process each file at most once every 30 seconds
[2023-08-29T18:55:03.731+0000] {manager.py:490} INFO - Checking for new files in /opt/airflow/dags every 60 seconds
[2023-08-29T18:55:03.731+0000] {manager.py:760} INFO - Searching for files in /opt/airflow/dags
[2023-08-29T18:55:03.732+0000] {manager.py:763} INFO - There are 0 files in /opt/airflow/dags
[2023-08-29T18:56:04.042+0000] {manager.py:760} INFO - Searching for files in /opt/airflow/dags
[2023-08-29T18:56:04.043+0000] {manager.py:763} INFO - There are 0 files in /opt/airflow/dags
[2023-08-29T18:57:04.332+0000] {manager.py:760} INFO - Searching for files in /opt/airflow/dags
[2023-08-29T18:57:04.332+0000] {manager.py:763} INFO - There are 0 files in /opt/airflow/dags
[2023-08-29T18:58:04.624+0000] {manager.py:760} INFO - Searching for files in /opt/airflow/dags
[2023-08-29T18:58:04.625+0000] {manager.py:763} INFO - There are 0 files in /opt/airflow/dags
[2023-08-29T18:59:04.920+0000] {manager.py:760} INFO - Searching for files in /opt/airflow/dags
[2023-08-29T18:59:04.920+0000] {manager.py:763} INFO - There are 0 files in /opt/airflow/dags
[2023-08-29T19:00:05.219+0000] {manager.py:760} INFO - Searching for files in /opt/airflow/dags
[2023-08-29T19:00:05.220+0000] {manager.py:763} INFO - There are 0 files in /opt/airflow/dags
[2023-08-29T19:01:05.544+0000] {manager.py:760} INFO - Searching for files in /opt/airflow/dags
[2023-08-29T19:01:05.545+0000] {manager.py:763} INFO - There are 0 files in /opt/airflow/dags
[2023-08-29T19:02:05.827+0000] {manager.py:760} INFO - Searching for files in /opt/airflow/dags
[2023-08-29T19:02:05.827+0000] {manager.py:763} INFO - There are 0 files in /opt/airflow/dags
[2023-08-29T19:02:51.437+0000] {manager.py:470} INFO - Exiting gracefully upon receiving signal 15
[2023-08-30T14:22:05.217+0000] {manager.py:488} INFO - Processing files using up to 4 processes at a time 
[2023-08-30T14:22:05.217+0000] {manager.py:489} INFO - Process each file at most once every 30 seconds
[2023-08-30T14:22:05.217+0000] {manager.py:490} INFO - Checking for new files in /opt/airflow/dags every 60 seconds
[2023-08-30T14:22:05.218+0000] {manager.py:760} INFO - Searching for files in /opt/airflow/dags
[2023-08-30T14:22:05.218+0000] {manager.py:763} INFO - There are 0 files in /opt/airflow/dags
[2023-08-30T14:23:05.479+0000] {manager.py:760} INFO - Searching for files in /opt/airflow/dags
[2023-08-30T14:23:05.479+0000] {manager.py:763} INFO - There are 0 files in /opt/airflow/dags
[2023-08-30T14:24:05.725+0000] {manager.py:760} INFO - Searching for files in /opt/airflow/dags
[2023-08-30T14:24:05.725+0000] {manager.py:763} INFO - There are 0 files in /opt/airflow/dags
[2023-08-30T14:25:05.949+0000] {manager.py:760} INFO - Searching for files in /opt/airflow/dags
[2023-08-30T14:25:05.949+0000] {manager.py:763} INFO - There are 0 files in /opt/airflow/dags
[2023-08-30T14:26:06.179+0000] {manager.py:760} INFO - Searching for files in /opt/airflow/dags
[2023-08-30T14:26:06.180+0000] {manager.py:763} INFO - There are 0 files in /opt/airflow/dags
[2023-08-30T14:26:47.825+0000] {manager.py:470} INFO - Exiting gracefully upon receiving signal 15
[2023-08-30T14:37:18.230+0000] {manager.py:488} INFO - Processing files using up to 4 processes at a time 
[2023-08-30T14:37:18.230+0000] {manager.py:489} INFO - Process each file at most once every 30 seconds
[2023-08-30T14:37:18.230+0000] {manager.py:490} INFO - Checking for new files in /opt/airflow/dags every 60 seconds
[2023-08-30T14:37:18.231+0000] {manager.py:760} INFO - Searching for files in /opt/airflow/dags
[2023-08-30T14:37:18.232+0000] {manager.py:763} INFO - There are 0 files in /opt/airflow/dags
[2023-08-30T14:37:27.449+0000] {manager.py:470} INFO - Exiting gracefully upon receiving signal 15
[2023-08-30T15:44:32.978+0000] {manager.py:488} INFO - Processing files using up to 4 processes at a time 
[2023-08-30T15:44:32.979+0000] {manager.py:489} INFO - Process each file at most once every 30 seconds
[2023-08-30T15:44:32.979+0000] {manager.py:490} INFO - Checking for new files in /opt/airflow/dags every 60 seconds
[2023-08-30T15:44:32.980+0000] {manager.py:760} INFO - Searching for files in /opt/airflow/dags
[2023-08-30T15:44:32.980+0000] {manager.py:763} INFO - There are 0 files in /opt/airflow/dags
[2023-08-30T15:45:33.264+0000] {manager.py:760} INFO - Searching for files in /opt/airflow/dags
[2023-08-30T15:45:33.265+0000] {manager.py:763} INFO - There are 0 files in /opt/airflow/dags
[2023-08-30T15:46:33.525+0000] {manager.py:760} INFO - Searching for files in /opt/airflow/dags
[2023-08-30T15:46:33.526+0000] {manager.py:763} INFO - There are 0 files in /opt/airflow/dags
[2023-08-30T15:47:33.910+0000] {manager.py:760} INFO - Searching for files in /opt/airflow/dags
[2023-08-30T15:47:33.911+0000] {manager.py:763} INFO - There are 0 files in /opt/airflow/dags
[2023-08-30T15:48:34.202+0000] {manager.py:760} INFO - Searching for files in /opt/airflow/dags
[2023-08-30T15:48:34.203+0000] {manager.py:763} INFO - There are 0 files in /opt/airflow/dags
[2023-08-30T15:49:17.670+0000] {manager.py:470} INFO - Exiting gracefully upon receiving signal 15
[2023-08-30T16:20:12.198+0000] {manager.py:488} INFO - Processing files using up to 4 processes at a time 
[2023-08-30T16:20:12.199+0000] {manager.py:489} INFO - Process each file at most once every 30 seconds
[2023-08-30T16:20:12.199+0000] {manager.py:490} INFO - Checking for new files in /opt/airflow/dags every 60 seconds
[2023-08-30T16:20:12.199+0000] {manager.py:760} INFO - Searching for files in /opt/airflow/dags
[2023-08-30T16:20:12.200+0000] {manager.py:763} INFO - There are 0 files in /opt/airflow/dags
[2023-08-30T16:21:12.455+0000] {manager.py:760} INFO - Searching for files in /opt/airflow/dags
[2023-08-30T16:21:12.455+0000] {manager.py:763} INFO - There are 0 files in /opt/airflow/dags
[2023-08-30T16:21:39.726+0000] {manager.py:470} INFO - Exiting gracefully upon receiving signal 15
[2023-08-30T16:27:15.599+0000] {manager.py:488} INFO - Processing files using up to 4 processes at a time 
[2023-08-30T16:27:15.599+0000] {manager.py:489} INFO - Process each file at most once every 30 seconds
[2023-08-30T16:27:15.600+0000] {manager.py:490} INFO - Checking for new files in /opt/airflow/dags every 60 seconds
[2023-08-30T16:27:15.600+0000] {manager.py:760} INFO - Searching for files in /opt/airflow/dags
[2023-08-30T16:27:15.600+0000] {manager.py:763} INFO - There are 0 files in /opt/airflow/dags
[2023-08-30T16:28:15.841+0000] {manager.py:760} INFO - Searching for files in /opt/airflow/dags
[2023-08-30T16:28:15.842+0000] {manager.py:763} INFO - There are 0 files in /opt/airflow/dags
[2023-08-30T16:28:38.090+0000] {manager.py:470} INFO - Exiting gracefully upon receiving signal 15
[2023-08-30T16:33:27.590+0000] {manager.py:488} INFO - Processing files using up to 4 processes at a time 
[2023-08-30T16:33:27.590+0000] {manager.py:489} INFO - Process each file at most once every 30 seconds
[2023-08-30T16:33:27.590+0000] {manager.py:490} INFO - Checking for new files in /opt/airflow/dags every 60 seconds
[2023-08-30T16:33:27.591+0000] {manager.py:760} INFO - Searching for files in /opt/airflow/dags
[2023-08-30T16:33:27.592+0000] {manager.py:763} INFO - There are 0 files in /opt/airflow/dags
[2023-08-30T16:34:27.874+0000] {manager.py:760} INFO - Searching for files in /opt/airflow/dags
[2023-08-30T16:34:27.874+0000] {manager.py:763} INFO - There are 0 files in /opt/airflow/dags
[2023-08-30T16:35:28.180+0000] {manager.py:760} INFO - Searching for files in /opt/airflow/dags
[2023-08-30T16:35:28.181+0000] {manager.py:763} INFO - There are 0 files in /opt/airflow/dags
[2023-08-30T16:36:28.493+0000] {manager.py:760} INFO - Searching for files in /opt/airflow/dags
[2023-08-30T16:36:28.494+0000] {manager.py:763} INFO - There are 0 files in /opt/airflow/dags
[2023-08-30T16:37:28.818+0000] {manager.py:760} INFO - Searching for files in /opt/airflow/dags
[2023-08-30T16:37:28.819+0000] {manager.py:763} INFO - There are 0 files in /opt/airflow/dags
[2023-08-30T16:38:29.269+0000] {manager.py:760} INFO - Searching for files in /opt/airflow/dags
[2023-08-30T16:38:29.270+0000] {manager.py:763} INFO - There are 0 files in /opt/airflow/dags
[2023-08-30T16:39:29.586+0000] {manager.py:760} INFO - Searching for files in /opt/airflow/dags
[2023-08-30T16:39:29.587+0000] {manager.py:763} INFO - There are 0 files in /opt/airflow/dags
[2023-08-30T16:40:29.903+0000] {manager.py:760} INFO - Searching for files in /opt/airflow/dags
[2023-08-30T16:40:29.903+0000] {manager.py:763} INFO - There are 0 files in /opt/airflow/dags
[2023-08-30T16:41:30.204+0000] {manager.py:760} INFO - Searching for files in /opt/airflow/dags
[2023-08-30T16:41:30.205+0000] {manager.py:763} INFO - There are 0 files in /opt/airflow/dags
[2023-08-30T16:42:30.508+0000] {manager.py:760} INFO - Searching for files in /opt/airflow/dags
[2023-08-30T16:42:30.509+0000] {manager.py:763} INFO - There are 0 files in /opt/airflow/dags
[2023-08-30T16:43:30.832+0000] {manager.py:760} INFO - Searching for files in /opt/airflow/dags
[2023-08-30T16:43:30.833+0000] {manager.py:763} INFO - There are 0 files in /opt/airflow/dags
[2023-08-30T16:44:31.154+0000] {manager.py:760} INFO - Searching for files in /opt/airflow/dags
[2023-08-30T16:44:31.154+0000] {manager.py:763} INFO - There are 0 files in /opt/airflow/dags
[2023-08-30T16:45:31.479+0000] {manager.py:760} INFO - Searching for files in /opt/airflow/dags
[2023-08-30T16:45:31.480+0000] {manager.py:763} INFO - There are 0 files in /opt/airflow/dags
[2023-08-30T16:46:31.811+0000] {manager.py:760} INFO - Searching for files in /opt/airflow/dags
[2023-08-30T16:46:31.812+0000] {manager.py:763} INFO - There are 0 files in /opt/airflow/dags
[2023-08-30T16:47:32.137+0000] {manager.py:760} INFO - Searching for files in /opt/airflow/dags
[2023-08-30T16:47:32.138+0000] {manager.py:763} INFO - There are 0 files in /opt/airflow/dags
[2023-08-30T16:48:32.462+0000] {manager.py:760} INFO - Searching for files in /opt/airflow/dags
[2023-08-30T16:48:32.463+0000] {manager.py:763} INFO - There are 0 files in /opt/airflow/dags
[2023-08-30T16:49:32.788+0000] {manager.py:760} INFO - Searching for files in /opt/airflow/dags
[2023-08-30T16:49:32.789+0000] {manager.py:763} INFO - There are 0 files in /opt/airflow/dags
[2023-08-30T16:50:33.124+0000] {manager.py:760} INFO - Searching for files in /opt/airflow/dags
[2023-08-30T16:50:33.125+0000] {manager.py:763} INFO - There are 0 files in /opt/airflow/dags
[2023-08-30T16:51:33.470+0000] {manager.py:760} INFO - Searching for files in /opt/airflow/dags
[2023-08-30T16:51:33.471+0000] {manager.py:763} INFO - There are 0 files in /opt/airflow/dags
[2023-08-30T16:52:33.795+0000] {manager.py:760} INFO - Searching for files in /opt/airflow/dags
[2023-08-30T16:52:33.796+0000] {manager.py:763} INFO - There are 0 files in /opt/airflow/dags
[2023-08-30T16:53:34.124+0000] {manager.py:760} INFO - Searching for files in /opt/airflow/dags
[2023-08-30T16:53:34.125+0000] {manager.py:763} INFO - There are 0 files in /opt/airflow/dags
[2023-08-30T16:54:34.425+0000] {manager.py:760} INFO - Searching for files in /opt/airflow/dags
[2023-08-30T16:54:34.426+0000] {manager.py:763} INFO - There are 0 files in /opt/airflow/dags
[2023-08-30T16:55:34.725+0000] {manager.py:760} INFO - Searching for files in /opt/airflow/dags
[2023-08-30T16:55:34.726+0000] {manager.py:763} INFO - There are 0 files in /opt/airflow/dags
[2023-08-30T16:56:35.056+0000] {manager.py:760} INFO - Searching for files in /opt/airflow/dags
[2023-08-30T16:56:35.056+0000] {manager.py:763} INFO - There are 0 files in /opt/airflow/dags
[2023-08-30T16:57:35.368+0000] {manager.py:760} INFO - Searching for files in /opt/airflow/dags
[2023-08-30T16:57:35.369+0000] {manager.py:763} INFO - There are 0 files in /opt/airflow/dags
[2023-08-30T16:58:35.693+0000] {manager.py:760} INFO - Searching for files in /opt/airflow/dags
[2023-08-30T16:58:35.694+0000] {manager.py:763} INFO - There are 0 files in /opt/airflow/dags
[2023-08-30T16:59:36.008+0000] {manager.py:760} INFO - Searching for files in /opt/airflow/dags
[2023-08-30T16:59:36.009+0000] {manager.py:763} INFO - There are 0 files in /opt/airflow/dags
[2023-08-30T17:00:36.340+0000] {manager.py:760} INFO - Searching for files in /opt/airflow/dags
[2023-08-30T17:00:36.341+0000] {manager.py:763} INFO - There are 0 files in /opt/airflow/dags
[2023-08-30T17:01:36.654+0000] {manager.py:760} INFO - Searching for files in /opt/airflow/dags
[2023-08-30T17:01:36.655+0000] {manager.py:763} INFO - There are 0 files in /opt/airflow/dags
[2023-08-30T17:02:36.983+0000] {manager.py:760} INFO - Searching for files in /opt/airflow/dags
[2023-08-30T17:02:36.984+0000] {manager.py:763} INFO - There are 0 files in /opt/airflow/dags
[2023-08-30T17:03:37.290+0000] {manager.py:760} INFO - Searching for files in /opt/airflow/dags
[2023-08-30T17:03:37.290+0000] {manager.py:763} INFO - There are 0 files in /opt/airflow/dags
[2023-08-30T17:04:37.621+0000] {manager.py:760} INFO - Searching for files in /opt/airflow/dags
[2023-08-30T17:04:37.622+0000] {manager.py:763} INFO - There are 0 files in /opt/airflow/dags
[2023-08-30T17:05:37.936+0000] {manager.py:760} INFO - Searching for files in /opt/airflow/dags
[2023-08-30T17:05:37.937+0000] {manager.py:763} INFO - There are 0 files in /opt/airflow/dags
[2023-08-30T17:06:38.267+0000] {manager.py:760} INFO - Searching for files in /opt/airflow/dags
[2023-08-30T17:06:38.268+0000] {manager.py:763} INFO - There are 0 files in /opt/airflow/dags
[2023-08-30T17:07:38.586+0000] {manager.py:760} INFO - Searching for files in /opt/airflow/dags
[2023-08-30T17:07:38.587+0000] {manager.py:763} INFO - There are 0 files in /opt/airflow/dags
[2023-08-30T17:08:38.922+0000] {manager.py:760} INFO - Searching for files in /opt/airflow/dags
[2023-08-30T17:08:38.923+0000] {manager.py:763} INFO - There are 0 files in /opt/airflow/dags
[2023-08-30T17:09:39.252+0000] {manager.py:760} INFO - Searching for files in /opt/airflow/dags
[2023-08-30T17:09:39.252+0000] {manager.py:763} INFO - There are 0 files in /opt/airflow/dags
[2023-08-30T17:10:39.567+0000] {manager.py:760} INFO - Searching for files in /opt/airflow/dags
[2023-08-30T17:10:39.568+0000] {manager.py:763} INFO - There are 0 files in /opt/airflow/dags
[2023-08-30T17:11:39.883+0000] {manager.py:760} INFO - Searching for files in /opt/airflow/dags
[2023-08-30T17:11:39.884+0000] {manager.py:763} INFO - There are 0 files in /opt/airflow/dags
[2023-08-30T17:12:40.221+0000] {manager.py:760} INFO - Searching for files in /opt/airflow/dags
[2023-08-30T17:12:40.221+0000] {manager.py:763} INFO - There are 0 files in /opt/airflow/dags
[2023-08-30T17:13:40.538+0000] {manager.py:760} INFO - Searching for files in /opt/airflow/dags
[2023-08-30T17:13:40.538+0000] {manager.py:763} INFO - There are 0 files in /opt/airflow/dags
[2023-08-30T17:14:40.848+0000] {manager.py:760} INFO - Searching for files in /opt/airflow/dags
[2023-08-30T17:14:40.850+0000] {manager.py:763} INFO - There are 0 files in /opt/airflow/dags
[2023-08-30T17:15:41.179+0000] {manager.py:760} INFO - Searching for files in /opt/airflow/dags
[2023-08-30T17:15:41.180+0000] {manager.py:763} INFO - There are 0 files in /opt/airflow/dags
[2023-08-30T17:16:41.503+0000] {manager.py:760} INFO - Searching for files in /opt/airflow/dags
[2023-08-30T17:16:41.503+0000] {manager.py:763} INFO - There are 0 files in /opt/airflow/dags
[2023-08-30T17:17:41.812+0000] {manager.py:760} INFO - Searching for files in /opt/airflow/dags
[2023-08-30T17:17:41.813+0000] {manager.py:763} INFO - There are 0 files in /opt/airflow/dags
[2023-08-30T17:18:42.125+0000] {manager.py:760} INFO - Searching for files in /opt/airflow/dags
[2023-08-30T17:18:42.125+0000] {manager.py:763} INFO - There are 0 files in /opt/airflow/dags
[2023-08-30T17:19:42.446+0000] {manager.py:760} INFO - Searching for files in /opt/airflow/dags
[2023-08-30T17:19:42.446+0000] {manager.py:763} INFO - There are 0 files in /opt/airflow/dags
[2023-08-30T17:20:42.754+0000] {manager.py:760} INFO - Searching for files in /opt/airflow/dags
[2023-08-30T17:20:42.755+0000] {manager.py:763} INFO - There are 0 files in /opt/airflow/dags
[2023-08-30T17:21:43.050+0000] {manager.py:760} INFO - Searching for files in /opt/airflow/dags
[2023-08-30T17:21:43.051+0000] {manager.py:763} INFO - There are 0 files in /opt/airflow/dags
[2023-08-30T17:22:43.342+0000] {manager.py:760} INFO - Searching for files in /opt/airflow/dags
[2023-08-30T17:22:43.343+0000] {manager.py:763} INFO - There are 0 files in /opt/airflow/dags
[2023-08-30T17:23:43.676+0000] {manager.py:760} INFO - Searching for files in /opt/airflow/dags
[2023-08-30T17:23:43.676+0000] {manager.py:763} INFO - There are 0 files in /opt/airflow/dags
[2023-08-30T17:24:44.001+0000] {manager.py:760} INFO - Searching for files in /opt/airflow/dags
[2023-08-30T17:24:44.002+0000] {manager.py:763} INFO - There are 0 files in /opt/airflow/dags
[2023-08-30T17:25:44.332+0000] {manager.py:760} INFO - Searching for files in /opt/airflow/dags
[2023-08-30T17:25:44.333+0000] {manager.py:763} INFO - There are 0 files in /opt/airflow/dags
[2023-08-30T17:26:44.656+0000] {manager.py:760} INFO - Searching for files in /opt/airflow/dags
[2023-08-30T17:26:44.657+0000] {manager.py:763} INFO - There are 0 files in /opt/airflow/dags
[2023-08-30T17:27:44.954+0000] {manager.py:760} INFO - Searching for files in /opt/airflow/dags
[2023-08-30T17:27:44.954+0000] {manager.py:763} INFO - There are 0 files in /opt/airflow/dags
[2023-08-30T17:28:45.261+0000] {manager.py:760} INFO - Searching for files in /opt/airflow/dags
[2023-08-30T17:28:45.261+0000] {manager.py:763} INFO - There are 0 files in /opt/airflow/dags
[2023-08-30T17:29:45.595+0000] {manager.py:760} INFO - Searching for files in /opt/airflow/dags
[2023-08-30T17:29:45.596+0000] {manager.py:763} INFO - There are 0 files in /opt/airflow/dags
[2023-08-30T17:30:45.890+0000] {manager.py:760} INFO - Searching for files in /opt/airflow/dags
[2023-08-30T17:30:45.891+0000] {manager.py:763} INFO - There are 0 files in /opt/airflow/dags
[2023-08-30T17:31:46.192+0000] {manager.py:760} INFO - Searching for files in /opt/airflow/dags
[2023-08-30T17:31:46.193+0000] {manager.py:763} INFO - There are 0 files in /opt/airflow/dags
[2023-08-30T17:32:46.508+0000] {manager.py:760} INFO - Searching for files in /opt/airflow/dags
[2023-08-30T17:32:46.509+0000] {manager.py:763} INFO - There are 0 files in /opt/airflow/dags
[2023-08-30T17:33:46.826+0000] {manager.py:760} INFO - Searching for files in /opt/airflow/dags
[2023-08-30T17:33:46.827+0000] {manager.py:763} INFO - There are 0 files in /opt/airflow/dags
[2023-08-30T17:34:47.147+0000] {manager.py:760} INFO - Searching for files in /opt/airflow/dags
[2023-08-30T17:34:47.148+0000] {manager.py:763} INFO - There are 0 files in /opt/airflow/dags
[2023-08-30T17:35:47.481+0000] {manager.py:760} INFO - Searching for files in /opt/airflow/dags
[2023-08-30T17:35:47.482+0000] {manager.py:763} INFO - There are 0 files in /opt/airflow/dags
[2023-08-30T17:36:47.813+0000] {manager.py:760} INFO - Searching for files in /opt/airflow/dags
[2023-08-30T17:36:47.814+0000] {manager.py:763} INFO - There are 0 files in /opt/airflow/dags
[2023-08-30T17:37:09.303+0000] {manager.py:470} INFO - Exiting gracefully upon receiving signal 15
[2023-08-30T17:39:35.092+0000] {manager.py:488} INFO - Processing files using up to 4 processes at a time 
[2023-08-30T17:39:35.092+0000] {manager.py:489} INFO - Process each file at most once every 30 seconds
[2023-08-30T17:39:35.092+0000] {manager.py:490} INFO - Checking for new files in /opt/airflow/dags every 60 seconds
[2023-08-30T17:39:35.093+0000] {manager.py:760} INFO - Searching for files in /opt/airflow/dags
[2023-08-30T17:39:35.094+0000] {manager.py:763} INFO - There are 0 files in /opt/airflow/dags
[2023-08-30T17:40:35.376+0000] {manager.py:760} INFO - Searching for files in /opt/airflow/dags
[2023-08-30T17:40:35.377+0000] {manager.py:763} INFO - There are 0 files in /opt/airflow/dags
[2023-08-30T17:41:35.657+0000] {manager.py:760} INFO - Searching for files in /opt/airflow/dags
[2023-08-30T17:41:35.657+0000] {manager.py:763} INFO - There are 0 files in /opt/airflow/dags
[2023-08-30T17:42:35.927+0000] {manager.py:760} INFO - Searching for files in /opt/airflow/dags
[2023-08-30T17:42:35.928+0000] {manager.py:763} INFO - There are 0 files in /opt/airflow/dags
[2023-08-30T17:43:36.228+0000] {manager.py:760} INFO - Searching for files in /opt/airflow/dags
[2023-08-30T17:43:36.240+0000] {manager.py:763} INFO - There are 1 files in /opt/airflow/dags
[2023-08-30T17:43:36.270+0000] {manager.py:888} INFO - 
================================================================================
DAG File Processing Stats

File Path                       PID  Runtime      # DAGs    # Errors  Last Runtime    Last Run
----------------------------  -----  ---------  --------  ----------  --------------  ----------
/opt/airflow/dags/example.py    211  0.00s             0           0
================================================================================
[2023-08-30T17:44:06.519+0000] {manager.py:888} INFO - 
================================================================================
DAG File Processing Stats

File Path                     PID    Runtime      # DAGs    # Errors  Last Runtime    Last Run
----------------------------  -----  ---------  --------  ----------  --------------  -------------------
/opt/airflow/dags/example.py                           1           0  0.31s           2023-08-30T17:43:36
================================================================================
[2023-08-30T17:44:36.847+0000] {manager.py:760} INFO - Searching for files in /opt/airflow/dags
[2023-08-30T17:44:36.850+0000] {manager.py:763} INFO - There are 1 files in /opt/airflow/dags
[2023-08-30T17:44:36.872+0000] {manager.py:888} INFO - 
================================================================================
DAG File Processing Stats

File Path                       PID  Runtime      # DAGs    # Errors  Last Runtime    Last Run
----------------------------  -----  ---------  --------  ----------  --------------  -------------------
/opt/airflow/dags/example.py    253  0.01s             1           0  0.08s           2023-08-30T17:44:06
================================================================================
[2023-08-30T17:45:07.037+0000] {manager.py:888} INFO - 
================================================================================
DAG File Processing Stats

File Path                       PID  Runtime      # DAGs    # Errors  Last Runtime    Last Run
----------------------------  -----  ---------  --------  ----------  --------------  -------------------
/opt/airflow/dags/example.py    282  0.00s             1           0  0.07s           2023-08-30T17:44:36
================================================================================
[2023-08-30T17:45:37.186+0000] {manager.py:760} INFO - Searching for files in /opt/airflow/dags
[2023-08-30T17:45:37.187+0000] {manager.py:763} INFO - There are 1 files in /opt/airflow/dags
[2023-08-30T17:45:37.195+0000] {manager.py:888} INFO - 
================================================================================
DAG File Processing Stats

File Path                       PID  Runtime      # DAGs    # Errors  Last Runtime    Last Run
----------------------------  -----  ---------  --------  ----------  --------------  -------------------
/opt/airflow/dags/example.py    299  0.00s             1           0  0.07s           2023-08-30T17:45:07
================================================================================
[2023-08-30T17:46:07.368+0000] {manager.py:888} INFO - 
================================================================================
DAG File Processing Stats

File Path                       PID  Runtime      # DAGs    # Errors  Last Runtime    Last Run
----------------------------  -----  ---------  --------  ----------  --------------  -------------------
/opt/airflow/dags/example.py    324  0.01s             1           0  0.07s           2023-08-30T17:45:37
================================================================================
[2023-08-30T17:46:37.540+0000] {manager.py:760} INFO - Searching for files in /opt/airflow/dags
[2023-08-30T17:46:37.542+0000] {manager.py:763} INFO - There are 1 files in /opt/airflow/dags
[2023-08-30T17:46:37.565+0000] {manager.py:888} INFO - 
================================================================================
DAG File Processing Stats

File Path                       PID  Runtime      # DAGs    # Errors  Last Runtime    Last Run
----------------------------  -----  ---------  --------  ----------  --------------  -------------------
/opt/airflow/dags/example.py    341  0.01s             1           0  0.07s           2023-08-30T17:46:07
================================================================================
[2023-08-30T17:47:07.709+0000] {manager.py:888} INFO - 
================================================================================
DAG File Processing Stats

File Path                       PID  Runtime      # DAGs    # Errors  Last Runtime    Last Run
----------------------------  -----  ---------  --------  ----------  --------------  -------------------
/opt/airflow/dags/example.py    366  0.01s             1           0  0.06s           2023-08-30T17:46:37
================================================================================
[2023-08-30T17:47:37.880+0000] {manager.py:760} INFO - Searching for files in /opt/airflow/dags
[2023-08-30T17:47:37.881+0000] {manager.py:763} INFO - There are 1 files in /opt/airflow/dags
[2023-08-30T17:47:37.892+0000] {manager.py:888} INFO - 
================================================================================
DAG File Processing Stats

File Path                       PID  Runtime      # DAGs    # Errors  Last Runtime    Last Run
----------------------------  -----  ---------  --------  ----------  --------------  -------------------
/opt/airflow/dags/example.py    391  0.00s             1           0  0.08s           2023-08-30T17:47:07
================================================================================
[2023-08-30T17:48:08.061+0000] {manager.py:888} INFO - 
================================================================================
DAG File Processing Stats

File Path                       PID  Runtime      # DAGs    # Errors  Last Runtime    Last Run
----------------------------  -----  ---------  --------  ----------  --------------  -------------------
/opt/airflow/dags/example.py    408  0.01s             1           0  0.07s           2023-08-30T17:47:37
================================================================================
[2023-08-30T17:48:38.222+0000] {manager.py:760} INFO - Searching for files in /opt/airflow/dags
[2023-08-30T17:48:38.224+0000] {manager.py:763} INFO - There are 1 files in /opt/airflow/dags
[2023-08-30T17:48:38.240+0000] {manager.py:888} INFO - 
================================================================================
DAG File Processing Stats

File Path                       PID  Runtime      # DAGs    # Errors  Last Runtime    Last Run
----------------------------  -----  ---------  --------  ----------  --------------  -------------------
/opt/airflow/dags/example.py    433  0.01s             1           0  0.07s           2023-08-30T17:48:08
================================================================================
[2023-08-30T17:49:08.416+0000] {manager.py:888} INFO - 
================================================================================
DAG File Processing Stats

File Path                       PID  Runtime      # DAGs    # Errors  Last Runtime    Last Run
----------------------------  -----  ---------  --------  ----------  --------------  -------------------
/opt/airflow/dags/example.py    450  0.01s             1           0  0.07s           2023-08-30T17:48:38
================================================================================
[2023-08-30T17:49:38.594+0000] {manager.py:760} INFO - Searching for files in /opt/airflow/dags
[2023-08-30T17:49:38.596+0000] {manager.py:763} INFO - There are 1 files in /opt/airflow/dags
[2023-08-30T17:49:38.617+0000] {manager.py:888} INFO - 
================================================================================
DAG File Processing Stats

File Path                       PID  Runtime      # DAGs    # Errors  Last Runtime    Last Run
----------------------------  -----  ---------  --------  ----------  --------------  -------------------
/opt/airflow/dags/example.py    475  0.01s             1           0  0.06s           2023-08-30T17:49:08
================================================================================
[2023-08-30T17:50:08.782+0000] {manager.py:888} INFO - 
================================================================================
DAG File Processing Stats

File Path                       PID  Runtime      # DAGs    # Errors  Last Runtime    Last Run
----------------------------  -----  ---------  --------  ----------  --------------  -------------------
/opt/airflow/dags/example.py    492  0.00s             1           0  0.07s           2023-08-30T17:49:38
================================================================================
[2023-08-30T17:50:38.975+0000] {manager.py:760} INFO - Searching for files in /opt/airflow/dags
[2023-08-30T17:50:38.977+0000] {manager.py:763} INFO - There are 1 files in /opt/airflow/dags
[2023-08-30T17:50:38.998+0000] {manager.py:888} INFO - 
================================================================================
DAG File Processing Stats

File Path                       PID  Runtime      # DAGs    # Errors  Last Runtime    Last Run
----------------------------  -----  ---------  --------  ----------  --------------  -------------------
/opt/airflow/dags/example.py    517  0.00s             1           0  0.06s           2023-08-30T17:50:08
================================================================================
[2023-08-30T17:51:09.163+0000] {manager.py:888} INFO - 
================================================================================
DAG File Processing Stats

File Path                       PID  Runtime      # DAGs    # Errors  Last Runtime    Last Run
----------------------------  -----  ---------  --------  ----------  --------------  -------------------
/opt/airflow/dags/example.py    542  0.00s             1           0  0.07s           2023-08-30T17:50:39
================================================================================
[2023-08-30T17:51:39.361+0000] {manager.py:760} INFO - Searching for files in /opt/airflow/dags
[2023-08-30T17:51:39.363+0000] {manager.py:763} INFO - There are 1 files in /opt/airflow/dags
[2023-08-30T17:51:39.383+0000] {manager.py:888} INFO - 
================================================================================
DAG File Processing Stats

File Path                       PID  Runtime      # DAGs    # Errors  Last Runtime    Last Run
----------------------------  -----  ---------  --------  ----------  --------------  -------------------
/opt/airflow/dags/example.py    559  0.01s             1           0  0.08s           2023-08-30T17:51:09
================================================================================
[2023-08-30T17:52:09.531+0000] {manager.py:888} INFO - 
================================================================================
DAG File Processing Stats

File Path                       PID  Runtime      # DAGs    # Errors  Last Runtime    Last Run
----------------------------  -----  ---------  --------  ----------  --------------  -------------------
/opt/airflow/dags/example.py    584  0.00s             1           0  0.07s           2023-08-30T17:51:39
================================================================================
[2023-08-30T17:52:39.709+0000] {manager.py:760} INFO - Searching for files in /opt/airflow/dags
[2023-08-30T17:52:39.710+0000] {manager.py:763} INFO - There are 1 files in /opt/airflow/dags
[2023-08-30T17:52:39.729+0000] {manager.py:888} INFO - 
================================================================================
DAG File Processing Stats

File Path                       PID  Runtime      # DAGs    # Errors  Last Runtime    Last Run
----------------------------  -----  ---------  --------  ----------  --------------  -------------------
/opt/airflow/dags/example.py    601  0.00s             1           0  0.06s           2023-08-30T17:52:09
================================================================================
[2023-08-30T17:53:09.884+0000] {manager.py:888} INFO - 
================================================================================
DAG File Processing Stats

File Path                       PID  Runtime      # DAGs    # Errors  Last Runtime    Last Run
----------------------------  -----  ---------  --------  ----------  --------------  -------------------
/opt/airflow/dags/example.py    626  0.01s             1           0  0.07s           2023-08-30T17:52:39
================================================================================
[2023-08-30T17:53:40.078+0000] {manager.py:760} INFO - Searching for files in /opt/airflow/dags
[2023-08-30T17:53:40.079+0000] {manager.py:763} INFO - There are 1 files in /opt/airflow/dags
[2023-08-30T17:53:40.100+0000] {manager.py:888} INFO - 
================================================================================
DAG File Processing Stats

File Path                       PID  Runtime      # DAGs    # Errors  Last Runtime    Last Run
----------------------------  -----  ---------  --------  ----------  --------------  -------------------
/opt/airflow/dags/example.py    643  0.01s             1           0  0.08s           2023-08-30T17:53:09
================================================================================
[2023-08-30T17:54:10.265+0000] {manager.py:888} INFO - 
================================================================================
DAG File Processing Stats

File Path                       PID  Runtime      # DAGs    # Errors  Last Runtime    Last Run
----------------------------  -----  ---------  --------  ----------  --------------  -------------------
/opt/airflow/dags/example.py    668  0.01s             1           0  0.07s           2023-08-30T17:53:40
================================================================================
[2023-08-30T17:54:40.432+0000] {manager.py:760} INFO - Searching for files in /opt/airflow/dags
[2023-08-30T17:54:40.432+0000] {manager.py:763} INFO - There are 1 files in /opt/airflow/dags
[2023-08-30T17:54:40.444+0000] {manager.py:888} INFO - 
================================================================================
DAG File Processing Stats

File Path                       PID  Runtime      # DAGs    # Errors  Last Runtime    Last Run
----------------------------  -----  ---------  --------  ----------  --------------  -------------------
/opt/airflow/dags/example.py    685  0.01s             1           0  0.08s           2023-08-30T17:54:10
================================================================================
[2023-08-30T17:55:03.773+0000] {manager.py:470} INFO - Exiting gracefully upon receiving signal 15
[2023-08-30T17:56:36.795+0000] {manager.py:488} INFO - Processing files using up to 4 processes at a time 
[2023-08-30T17:56:36.796+0000] {manager.py:489} INFO - Process each file at most once every 30 seconds
[2023-08-30T17:56:36.796+0000] {manager.py:490} INFO - Checking for new files in /opt/airflow/dags every 60 seconds
[2023-08-30T17:56:36.796+0000] {manager.py:760} INFO - Searching for files in /opt/airflow/dags
[2023-08-30T17:56:36.798+0000] {manager.py:763} INFO - There are 1 files in /opt/airflow/dags
[2023-08-30T17:56:36.872+0000] {manager.py:888} INFO - 
================================================================================
DAG File Processing Stats

File Path                       PID  Runtime      # DAGs    # Errors  Last Runtime    Last Run
----------------------------  -----  ---------  --------  ----------  --------------  ----------
/opt/airflow/dags/example.py     53  0.04s             0           0
================================================================================
[2023-08-30T17:57:07.007+0000] {manager.py:888} INFO - 
================================================================================
DAG File Processing Stats

File Path                       PID  Runtime      # DAGs    # Errors  Last Runtime    Last Run
----------------------------  -----  ---------  --------  ----------  --------------  -------------------
/opt/airflow/dags/example.py     70  0.00s             1           0  0.08s           2023-08-30T17:56:36
================================================================================
[2023-08-30T17:57:22.420+0000] {manager.py:470} INFO - Exiting gracefully upon receiving signal 15
[2023-08-30T17:58:45.124+0000] {manager.py:488} INFO - Processing files using up to 4 processes at a time 
[2023-08-30T17:58:45.124+0000] {manager.py:489} INFO - Process each file at most once every 30 seconds
[2023-08-30T17:58:45.124+0000] {manager.py:490} INFO - Checking for new files in /opt/airflow/dags every 60 seconds
[2023-08-30T17:58:45.124+0000] {manager.py:760} INFO - Searching for files in /opt/airflow/dags
[2023-08-30T17:58:45.126+0000] {manager.py:763} INFO - There are 1 files in /opt/airflow/dags
[2023-08-30T17:58:45.180+0000] {manager.py:888} INFO - 
================================================================================
DAG File Processing Stats

File Path                       PID  Runtime      # DAGs    # Errors  Last Runtime    Last Run
----------------------------  -----  ---------  --------  ----------  --------------  ----------
/opt/airflow/dags/example.py     53  0.03s             0           0
================================================================================
[2023-08-30T17:59:15.329+0000] {manager.py:888} INFO - 
================================================================================
DAG File Processing Stats

File Path                       PID  Runtime      # DAGs    # Errors  Last Runtime    Last Run
----------------------------  -----  ---------  --------  ----------  --------------  -------------------
/opt/airflow/dags/example.py     70  0.01s             1           0  0.11s           2023-08-30T17:58:45
================================================================================
[2023-08-30T17:59:45.512+0000] {manager.py:760} INFO - Searching for files in /opt/airflow/dags
[2023-08-30T17:59:45.513+0000] {manager.py:763} INFO - There are 1 files in /opt/airflow/dags
[2023-08-30T17:59:45.522+0000] {manager.py:888} INFO - 
================================================================================
DAG File Processing Stats

File Path                       PID  Runtime      # DAGs    # Errors  Last Runtime    Last Run
----------------------------  -----  ---------  --------  ----------  --------------  -------------------
/opt/airflow/dags/example.py     95  0.00s             1           0  0.06s           2023-08-30T17:59:15
================================================================================
[2023-08-30T18:00:15.684+0000] {manager.py:888} INFO - 
================================================================================
DAG File Processing Stats

File Path                       PID  Runtime      # DAGs    # Errors  Last Runtime    Last Run
----------------------------  -----  ---------  --------  ----------  --------------  -------------------
/opt/airflow/dags/example.py    112  0.01s             1           0  0.06s           2023-08-30T17:59:45
================================================================================
[2023-08-30T18:00:45.828+0000] {manager.py:760} INFO - Searching for files in /opt/airflow/dags
[2023-08-30T18:00:45.829+0000] {manager.py:763} INFO - There are 1 files in /opt/airflow/dags
[2023-08-30T18:00:45.840+0000] {manager.py:888} INFO - 
================================================================================
DAG File Processing Stats

File Path                       PID  Runtime      # DAGs    # Errors  Last Runtime    Last Run
----------------------------  -----  ---------  --------  ----------  --------------  -------------------
/opt/airflow/dags/example.py    137  0.00s             1           0  0.07s           2023-08-30T18:00:15
================================================================================
[2023-08-30T18:01:16.001+0000] {manager.py:888} INFO - 
================================================================================
DAG File Processing Stats

File Path                     PID    Runtime      # DAGs    # Errors  Last Runtime    Last Run
----------------------------  -----  ---------  --------  ----------  --------------  -------------------
/opt/airflow/dags/example.py                           1           0  0.17s           2023-08-30T18:00:46
================================================================================
[2023-08-30T18:01:46.281+0000] {manager.py:760} INFO - Searching for files in /opt/airflow/dags
[2023-08-30T18:01:46.283+0000] {manager.py:763} INFO - There are 1 files in /opt/airflow/dags
[2023-08-30T18:01:46.292+0000] {manager.py:888} INFO - 
================================================================================
DAG File Processing Stats

File Path                     PID    Runtime      # DAGs    # Errors  Last Runtime    Last Run
----------------------------  -----  ---------  --------  ----------  --------------  -------------------
/opt/airflow/dags/example.py                           1           0  0.18s           2023-08-30T18:01:16
================================================================================
[2023-08-30T18:02:16.593+0000] {manager.py:888} INFO - 
================================================================================
DAG File Processing Stats

File Path                     PID    Runtime      # DAGs    # Errors  Last Runtime    Last Run
----------------------------  -----  ---------  --------  ----------  --------------  -------------------
/opt/airflow/dags/example.py                           1           0  0.18s           2023-08-30T18:01:46
================================================================================
[2023-08-30T18:02:46.891+0000] {manager.py:760} INFO - Searching for files in /opt/airflow/dags
[2023-08-30T18:02:46.892+0000] {manager.py:763} INFO - There are 1 files in /opt/airflow/dags
[2023-08-30T18:02:46.905+0000] {manager.py:888} INFO - 
================================================================================
DAG File Processing Stats

File Path                     PID    Runtime      # DAGs    # Errors  Last Runtime    Last Run
----------------------------  -----  ---------  --------  ----------  --------------  -------------------
/opt/airflow/dags/example.py                           1           0  0.18s           2023-08-30T18:02:16
================================================================================
[2023-08-30T18:03:17.291+0000] {manager.py:888} INFO - 
================================================================================
DAG File Processing Stats

File Path                       PID  Runtime      # DAGs    # Errors  Last Runtime    Last Run
----------------------------  -----  ---------  --------  ----------  --------------  -------------------
/opt/airflow/dags/example.py    246  0.01s             1           0  0.06s           2023-08-30T18:02:47
================================================================================
[2023-08-30T18:03:47.453+0000] {manager.py:760} INFO - Searching for files in /opt/airflow/dags
[2023-08-30T18:03:47.454+0000] {manager.py:763} INFO - There are 1 files in /opt/airflow/dags
[2023-08-30T18:03:47.465+0000] {manager.py:888} INFO - 
================================================================================
DAG File Processing Stats

File Path                       PID  Runtime      # DAGs    # Errors  Last Runtime    Last Run
----------------------------  -----  ---------  --------  ----------  --------------  -------------------
/opt/airflow/dags/example.py    271  0.00s             1           0  0.06s           2023-08-30T18:03:17
================================================================================
[2023-08-30T18:04:17.621+0000] {manager.py:888} INFO - 
================================================================================
DAG File Processing Stats

File Path                       PID  Runtime      # DAGs    # Errors  Last Runtime    Last Run
----------------------------  -----  ---------  --------  ----------  --------------  -------------------
/opt/airflow/dags/example.py    288  0.01s             1           0  0.06s           2023-08-30T18:03:47
================================================================================
[2023-08-30T18:04:47.777+0000] {manager.py:760} INFO - Searching for files in /opt/airflow/dags
[2023-08-30T18:04:47.778+0000] {manager.py:763} INFO - There are 1 files in /opt/airflow/dags
[2023-08-30T18:04:47.787+0000] {manager.py:888} INFO - 
================================================================================
DAG File Processing Stats

File Path                       PID  Runtime      # DAGs    # Errors  Last Runtime    Last Run
----------------------------  -----  ---------  --------  ----------  --------------  -------------------
/opt/airflow/dags/example.py    313  0.00s             1           0  0.07s           2023-08-30T18:04:17
================================================================================
[2023-08-30T18:05:17.950+0000] {manager.py:888} INFO - 
================================================================================
DAG File Processing Stats

File Path                       PID  Runtime      # DAGs    # Errors  Last Runtime    Last Run
----------------------------  -----  ---------  --------  ----------  --------------  -------------------
/opt/airflow/dags/example.py    330  0.00s             1           0  0.06s           2023-08-30T18:04:47
================================================================================
[2023-08-30T18:05:48.114+0000] {manager.py:760} INFO - Searching for files in /opt/airflow/dags
[2023-08-30T18:05:48.116+0000] {manager.py:763} INFO - There are 1 files in /opt/airflow/dags
[2023-08-30T18:05:48.137+0000] {manager.py:888} INFO - 
================================================================================
DAG File Processing Stats

File Path                       PID  Runtime      # DAGs    # Errors  Last Runtime    Last Run
----------------------------  -----  ---------  --------  ----------  --------------  -------------------
/opt/airflow/dags/example.py    355  0.01s             1           0  0.06s           2023-08-30T18:05:18
================================================================================
[2023-08-30T18:06:18.288+0000] {manager.py:888} INFO - 
================================================================================
DAG File Processing Stats

File Path                       PID  Runtime      # DAGs    # Errors  Last Runtime    Last Run
----------------------------  -----  ---------  --------  ----------  --------------  -------------------
/opt/airflow/dags/example.py    380  0.00s             1           0  0.08s           2023-08-30T18:05:48
================================================================================
[2023-08-30T18:06:48.484+0000] {manager.py:760} INFO - Searching for files in /opt/airflow/dags
[2023-08-30T18:06:48.485+0000] {manager.py:763} INFO - There are 1 files in /opt/airflow/dags
[2023-08-30T18:06:48.505+0000] {manager.py:888} INFO - 
================================================================================
DAG File Processing Stats

File Path                       PID  Runtime      # DAGs    # Errors  Last Runtime    Last Run
----------------------------  -----  ---------  --------  ----------  --------------  -------------------
/opt/airflow/dags/example.py    397  0.01s             1           0  0.07s           2023-08-30T18:06:18
================================================================================
[2023-08-30T18:07:18.651+0000] {manager.py:888} INFO - 
================================================================================
DAG File Processing Stats

File Path                       PID  Runtime      # DAGs    # Errors  Last Runtime    Last Run
----------------------------  -----  ---------  --------  ----------  --------------  -------------------
/opt/airflow/dags/example.py    422  0.00s             1           0  0.07s           2023-08-30T18:06:48
================================================================================
[2023-08-30T18:07:48.819+0000] {manager.py:760} INFO - Searching for files in /opt/airflow/dags
[2023-08-30T18:07:48.820+0000] {manager.py:763} INFO - There are 1 files in /opt/airflow/dags
[2023-08-30T18:07:48.844+0000] {manager.py:888} INFO - 
================================================================================
DAG File Processing Stats

File Path                       PID  Runtime      # DAGs    # Errors  Last Runtime    Last Run
----------------------------  -----  ---------  --------  ----------  --------------  -------------------
/opt/airflow/dags/example.py    439  0.01s             1           0  0.07s           2023-08-30T18:07:18
================================================================================
[2023-08-30T18:08:19.012+0000] {manager.py:888} INFO - 
================================================================================
DAG File Processing Stats

File Path                       PID  Runtime      # DAGs    # Errors  Last Runtime    Last Run
----------------------------  -----  ---------  --------  ----------  --------------  -------------------
/opt/airflow/dags/example.py    464  0.00s             1           0  0.07s           2023-08-30T18:07:48
================================================================================
[2023-08-30T18:08:49.197+0000] {manager.py:760} INFO - Searching for files in /opt/airflow/dags
[2023-08-30T18:08:49.198+0000] {manager.py:763} INFO - There are 1 files in /opt/airflow/dags
[2023-08-30T18:08:49.211+0000] {manager.py:888} INFO - 
================================================================================
DAG File Processing Stats

File Path                       PID  Runtime      # DAGs    # Errors  Last Runtime    Last Run
----------------------------  -----  ---------  --------  ----------  --------------  -------------------
/opt/airflow/dags/example.py    481  0.00s             1           0  0.09s           2023-08-30T18:08:19
================================================================================
[2023-08-30T18:09:19.383+0000] {manager.py:888} INFO - 
================================================================================
DAG File Processing Stats

File Path                       PID  Runtime      # DAGs    # Errors  Last Runtime    Last Run
----------------------------  -----  ---------  --------  ----------  --------------  -------------------
/opt/airflow/dags/example.py    506  0.01s             1           0  0.07s           2023-08-30T18:08:49
================================================================================
[2023-08-30T18:09:49.559+0000] {manager.py:760} INFO - Searching for files in /opt/airflow/dags
[2023-08-30T18:09:49.560+0000] {manager.py:763} INFO - There are 1 files in /opt/airflow/dags
[2023-08-30T18:09:49.572+0000] {manager.py:888} INFO - 
================================================================================
DAG File Processing Stats

File Path                       PID  Runtime      # DAGs    # Errors  Last Runtime    Last Run
----------------------------  -----  ---------  --------  ----------  --------------  -------------------
/opt/airflow/dags/example.py    531  0.00s             1           0  0.07s           2023-08-30T18:09:19
================================================================================
[2023-08-30T18:10:19.727+0000] {manager.py:888} INFO - 
================================================================================
DAG File Processing Stats

File Path                       PID  Runtime      # DAGs    # Errors  Last Runtime    Last Run
----------------------------  -----  ---------  --------  ----------  --------------  -------------------
/opt/airflow/dags/example.py    548  0.01s             1           0  0.06s           2023-08-30T18:09:49
================================================================================
[2023-08-30T18:10:49.884+0000] {manager.py:760} INFO - Searching for files in /opt/airflow/dags
[2023-08-30T18:10:49.885+0000] {manager.py:763} INFO - There are 1 files in /opt/airflow/dags
[2023-08-30T18:10:49.894+0000] {manager.py:888} INFO - 
================================================================================
DAG File Processing Stats

File Path                       PID  Runtime      # DAGs    # Errors  Last Runtime    Last Run
----------------------------  -----  ---------  --------  ----------  --------------  -------------------
/opt/airflow/dags/example.py    573  0.00s             1           0  0.07s           2023-08-30T18:10:19
================================================================================
[2023-08-30T18:11:20.053+0000] {manager.py:888} INFO - 
================================================================================
DAG File Processing Stats

File Path                       PID  Runtime      # DAGs    # Errors  Last Runtime    Last Run
----------------------------  -----  ---------  --------  ----------  --------------  -------------------
/opt/airflow/dags/example.py    590  0.00s             1           0  0.06s           2023-08-30T18:10:49
================================================================================
[2023-08-30T18:11:50.194+0000] {manager.py:760} INFO - Searching for files in /opt/airflow/dags
[2023-08-30T18:11:50.195+0000] {manager.py:763} INFO - There are 1 files in /opt/airflow/dags
[2023-08-30T18:11:50.205+0000] {manager.py:888} INFO - 
================================================================================
DAG File Processing Stats

File Path                       PID  Runtime      # DAGs    # Errors  Last Runtime    Last Run
----------------------------  -----  ---------  --------  ----------  --------------  -------------------
/opt/airflow/dags/example.py    615  0.00s             1           0  0.07s           2023-08-30T18:11:20
================================================================================
[2023-08-30T18:12:20.365+0000] {manager.py:888} INFO - 
================================================================================
DAG File Processing Stats

File Path                       PID  Runtime      # DAGs    # Errors  Last Runtime    Last Run
----------------------------  -----  ---------  --------  ----------  --------------  -------------------
/opt/airflow/dags/example.py    640  0.00s             1           0  0.07s           2023-08-30T18:11:50
================================================================================
[2023-08-30T18:12:50.517+0000] {manager.py:760} INFO - Searching for files in /opt/airflow/dags
[2023-08-30T18:12:50.519+0000] {manager.py:763} INFO - There are 1 files in /opt/airflow/dags
[2023-08-30T18:12:50.532+0000] {manager.py:888} INFO - 
================================================================================
DAG File Processing Stats

File Path                       PID  Runtime      # DAGs    # Errors  Last Runtime    Last Run
----------------------------  -----  ---------  --------  ----------  --------------  -------------------
/opt/airflow/dags/example.py    657  0.00s             1           0  0.07s           2023-08-30T18:12:20
================================================================================
[2023-08-30T18:13:20.677+0000] {manager.py:888} INFO - 
================================================================================
DAG File Processing Stats

File Path                       PID  Runtime      # DAGs    # Errors  Last Runtime    Last Run
----------------------------  -----  ---------  --------  ----------  --------------  -------------------
/opt/airflow/dags/example.py    682  0.01s             1           0  0.07s           2023-08-30T18:12:50
================================================================================
[2023-08-30T18:13:39.929+0000] {manager.py:470} INFO - Exiting gracefully upon receiving signal 15
[2023-08-30T18:14:32.854+0000] {manager.py:488} INFO - Processing files using up to 4 processes at a time 
[2023-08-30T18:14:32.855+0000] {manager.py:489} INFO - Process each file at most once every 30 seconds
[2023-08-30T18:14:32.855+0000] {manager.py:490} INFO - Checking for new files in /opt/airflow/dags every 60 seconds
[2023-08-30T18:14:32.855+0000] {manager.py:760} INFO - Searching for files in /opt/airflow/dags
[2023-08-30T18:14:32.857+0000] {manager.py:763} INFO - There are 1 files in /opt/airflow/dags
[2023-08-30T18:14:32.914+0000] {manager.py:888} INFO - 
================================================================================
DAG File Processing Stats

File Path                       PID  Runtime      # DAGs    # Errors  Last Runtime    Last Run
----------------------------  -----  ---------  --------  ----------  --------------  ----------
/opt/airflow/dags/example.py     53  0.03s             0           0
================================================================================
[2023-08-30T18:15:03.039+0000] {manager.py:888} INFO - 
================================================================================
DAG File Processing Stats

File Path                       PID  Runtime      # DAGs    # Errors  Last Runtime    Last Run
----------------------------  -----  ---------  --------  ----------  --------------  -------------------
/opt/airflow/dags/example.py     70  0.00s             1           0  0.08s           2023-08-30T18:14:32
================================================================================
[2023-08-30T18:15:33.200+0000] {manager.py:760} INFO - Searching for files in /opt/airflow/dags
[2023-08-30T18:15:33.202+0000] {manager.py:763} INFO - There are 1 files in /opt/airflow/dags
[2023-08-30T18:15:33.220+0000] {manager.py:888} INFO - 
================================================================================
DAG File Processing Stats

File Path                       PID  Runtime      # DAGs    # Errors  Last Runtime    Last Run
----------------------------  -----  ---------  --------  ----------  --------------  -------------------
/opt/airflow/dags/example.py     95  0.01s             1           0  0.07s           2023-08-30T18:15:03
================================================================================
[2023-08-30T18:16:03.380+0000] {manager.py:888} INFO - 
================================================================================
DAG File Processing Stats

File Path                       PID  Runtime      # DAGs    # Errors  Last Runtime    Last Run
----------------------------  -----  ---------  --------  ----------  --------------  -------------------
/opt/airflow/dags/example.py    112  0.00s             1           0  0.07s           2023-08-30T18:15:33
================================================================================
[2023-08-30T18:16:33.553+0000] {manager.py:760} INFO - Searching for files in /opt/airflow/dags
[2023-08-30T18:16:33.554+0000] {manager.py:763} INFO - There are 1 files in /opt/airflow/dags
[2023-08-30T18:16:33.571+0000] {manager.py:888} INFO - 
================================================================================
DAG File Processing Stats

File Path                       PID  Runtime      # DAGs    # Errors  Last Runtime    Last Run
----------------------------  -----  ---------  --------  ----------  --------------  -------------------
/opt/airflow/dags/example.py    137  0.01s             1           0  0.12s           2023-08-30T18:16:03
================================================================================
[2023-08-30T18:17:03.723+0000] {manager.py:888} INFO - 
================================================================================
DAG File Processing Stats

File Path                     PID    Runtime      # DAGs    # Errors  Last Runtime    Last Run
----------------------------  -----  ---------  --------  ----------  --------------  -------------------
/opt/airflow/dags/example.py                           1           0  0.16s           2023-08-30T18:16:33
================================================================================
[2023-08-30T18:17:30.341+0000] {manager.py:470} INFO - Exiting gracefully upon receiving signal 15
[2023-08-30T18:18:21.798+0000] {manager.py:488} INFO - Processing files using up to 4 processes at a time 
[2023-08-30T18:18:21.799+0000] {manager.py:489} INFO - Process each file at most once every 30 seconds
[2023-08-30T18:18:21.799+0000] {manager.py:490} INFO - Checking for new files in /opt/airflow/dags every 60 seconds
[2023-08-30T18:18:21.799+0000] {manager.py:760} INFO - Searching for files in /opt/airflow/dags
[2023-08-30T18:18:21.800+0000] {manager.py:763} INFO - There are 1 files in /opt/airflow/dags
[2023-08-30T18:18:21.845+0000] {manager.py:888} INFO - 
================================================================================
DAG File Processing Stats

File Path                       PID  Runtime      # DAGs    # Errors  Last Runtime    Last Run
----------------------------  -----  ---------  --------  ----------  --------------  ----------
/opt/airflow/dags/example.py     53  0.02s             0           0
================================================================================
[2023-08-30T18:18:51.972+0000] {manager.py:888} INFO - 
================================================================================
DAG File Processing Stats

File Path                       PID  Runtime      # DAGs    # Errors  Last Runtime    Last Run
----------------------------  -----  ---------  --------  ----------  --------------  -------------------
/opt/airflow/dags/example.py     70  0.00s             1           0  0.07s           2023-08-30T18:18:21
================================================================================
[2023-08-30T18:19:22.131+0000] {manager.py:760} INFO - Searching for files in /opt/airflow/dags
[2023-08-30T18:19:22.132+0000] {manager.py:763} INFO - There are 1 files in /opt/airflow/dags
[2023-08-30T18:19:22.139+0000] {manager.py:888} INFO - 
================================================================================
DAG File Processing Stats

File Path                       PID  Runtime      # DAGs    # Errors  Last Runtime    Last Run
----------------------------  -----  ---------  --------  ----------  --------------  -------------------
/opt/airflow/dags/example.py     95  0.00s             1           0  0.07s           2023-08-30T18:18:52
================================================================================
[2023-08-30T18:19:52.292+0000] {manager.py:888} INFO - 
================================================================================
DAG File Processing Stats

File Path                       PID  Runtime      # DAGs    # Errors  Last Runtime    Last Run
----------------------------  -----  ---------  --------  ----------  --------------  -------------------
/opt/airflow/dags/example.py    120  0.00s             1           0  0.06s           2023-08-30T18:19:22
================================================================================
[2023-08-30T18:20:22.450+0000] {manager.py:760} INFO - Searching for files in /opt/airflow/dags
[2023-08-30T18:20:22.451+0000] {manager.py:763} INFO - There are 1 files in /opt/airflow/dags
[2023-08-30T18:20:22.459+0000] {manager.py:888} INFO - 
================================================================================
DAG File Processing Stats

File Path                       PID  Runtime      # DAGs    # Errors  Last Runtime    Last Run
----------------------------  -----  ---------  --------  ----------  --------------  -------------------
/opt/airflow/dags/example.py    137  0.00s             1           0  0.07s           2023-08-30T18:19:52
================================================================================
[2023-08-30T18:20:52.621+0000] {manager.py:888} INFO - 
================================================================================
DAG File Processing Stats

File Path                       PID  Runtime      # DAGs    # Errors  Last Runtime    Last Run
----------------------------  -----  ---------  --------  ----------  --------------  -------------------
/opt/airflow/dags/example.py    162  0.00s             1           0  0.16s           2023-08-30T18:20:22
================================================================================
[2023-08-30T18:21:22.864+0000] {manager.py:760} INFO - Searching for files in /opt/airflow/dags
[2023-08-30T18:21:22.866+0000] {manager.py:763} INFO - There are 1 files in /opt/airflow/dags
[2023-08-30T18:21:22.883+0000] {manager.py:888} INFO - 
================================================================================
DAG File Processing Stats

File Path                       PID  Runtime      # DAGs    # Errors  Last Runtime    Last Run
----------------------------  -----  ---------  --------  ----------  --------------  -------------------
/opt/airflow/dags/example.py    179  0.01s             1           0  0.16s           2023-08-30T18:20:52
================================================================================
[2023-08-30T18:21:53.023+0000] {manager.py:888} INFO - 
================================================================================
DAG File Processing Stats

File Path                     PID    Runtime      # DAGs    # Errors  Last Runtime    Last Run
----------------------------  -----  ---------  --------  ----------  --------------  -------------------
/opt/airflow/dags/example.py                           1           0  0.17s           2023-08-30T18:21:23
================================================================================
[2023-08-30T18:22:23.311+0000] {manager.py:760} INFO - Searching for files in /opt/airflow/dags
[2023-08-30T18:22:23.312+0000] {manager.py:763} INFO - There are 1 files in /opt/airflow/dags
[2023-08-30T18:22:23.317+0000] {manager.py:888} INFO - 
================================================================================
DAG File Processing Stats

File Path                     PID    Runtime      # DAGs    # Errors  Last Runtime    Last Run
----------------------------  -----  ---------  --------  ----------  --------------  -------------------
/opt/airflow/dags/example.py                           1           0  0.16s           2023-08-30T18:21:53
================================================================================
[2023-08-30T18:22:53.716+0000] {manager.py:888} INFO - 
================================================================================
DAG File Processing Stats

File Path                       PID  Runtime      # DAGs    # Errors  Last Runtime    Last Run
----------------------------  -----  ---------  --------  ----------  --------------  -------------------
/opt/airflow/dags/example.py    245  0.01s             1           0  0.07s           2023-08-30T18:22:23
================================================================================
[2023-08-30T18:23:23.898+0000] {manager.py:760} INFO - Searching for files in /opt/airflow/dags
[2023-08-30T18:23:23.899+0000] {manager.py:763} INFO - There are 1 files in /opt/airflow/dags
[2023-08-30T18:23:23.907+0000] {manager.py:888} INFO - 
================================================================================
DAG File Processing Stats

File Path                       PID  Runtime      # DAGs    # Errors  Last Runtime    Last Run
----------------------------  -----  ---------  --------  ----------  --------------  -------------------
/opt/airflow/dags/example.py    270  0.00s             1           0  0.07s           2023-08-30T18:22:53
================================================================================
[2023-08-30T18:23:54.057+0000] {manager.py:888} INFO - 
================================================================================
DAG File Processing Stats

File Path                       PID  Runtime      # DAGs    # Errors  Last Runtime    Last Run
----------------------------  -----  ---------  --------  ----------  --------------  -------------------
/opt/airflow/dags/example.py    287  0.01s             1           0  0.07s           2023-08-30T18:23:23
================================================================================
[2023-08-30T18:24:24.250+0000] {manager.py:760} INFO - Searching for files in /opt/airflow/dags
[2023-08-30T18:24:24.251+0000] {manager.py:763} INFO - There are 1 files in /opt/airflow/dags
[2023-08-30T18:24:24.268+0000] {manager.py:888} INFO - 
================================================================================
DAG File Processing Stats

File Path                       PID  Runtime      # DAGs    # Errors  Last Runtime    Last Run
----------------------------  -----  ---------  --------  ----------  --------------  -------------------
/opt/airflow/dags/example.py    312  0.01s             1           0  0.07s           2023-08-30T18:23:54
================================================================================
[2023-08-30T18:24:54.404+0000] {manager.py:888} INFO - 
================================================================================
DAG File Processing Stats

File Path                       PID  Runtime      # DAGs    # Errors  Last Runtime    Last Run
----------------------------  -----  ---------  --------  ----------  --------------  -------------------
/opt/airflow/dags/example.py    336  0.00s             1           0  0.07s           2023-08-30T18:24:24
================================================================================
[2023-08-30T18:25:24.555+0000] {manager.py:760} INFO - Searching for files in /opt/airflow/dags
[2023-08-30T18:25:24.556+0000] {manager.py:763} INFO - There are 1 files in /opt/airflow/dags
[2023-08-30T18:25:24.602+0000] {manager.py:888} INFO - 
================================================================================
DAG File Processing Stats

File Path                       PID  Runtime      # DAGs    # Errors  Last Runtime    Last Run
----------------------------  -----  ---------  --------  ----------  --------------  -------------------
/opt/airflow/dags/example.py    354  0.04s             1           0  0.07s           2023-08-30T18:24:54
================================================================================
[2023-08-30T18:25:54.745+0000] {manager.py:888} INFO - 
================================================================================
DAG File Processing Stats

File Path                       PID  Runtime      # DAGs    # Errors  Last Runtime    Last Run
----------------------------  -----  ---------  --------  ----------  --------------  -------------------
/opt/airflow/dags/example.py    379  0.00s             1           0  0.11s           2023-08-30T18:25:24
================================================================================
[2023-08-30T18:26:06.882+0000] {manager.py:470} INFO - Exiting gracefully upon receiving signal 15
