[2023-08-30T17:43:36.271+0000] {processor.py:157} INFO - Started process (PID=211) to work on /opt/airflow/dags/example.py
[2023-08-30T17:43:36.272+0000] {processor.py:829} INFO - Processing file /opt/airflow/dags/example.py for tasks to queue
[2023-08-30T17:43:36.273+0000] {logging_mixin.py:151} INFO - [2023-08-30T17:43:36.273+0000] {dagbag.py:539} INFO - Filling up the DagBag from /opt/airflow/dags/example.py
[2023-08-30T17:43:36.286+0000] {processor.py:839} INFO - DAG(s) dict_keys(['example']) retrieved from /opt/airflow/dags/example.py
[2023-08-30T17:43:36.533+0000] {logging_mixin.py:151} INFO - [2023-08-30T17:43:36.533+0000] {manager.py:501} INFO - Created Permission View: can delete on DAG:example
[2023-08-30T17:43:36.539+0000] {logging_mixin.py:151} INFO - [2023-08-30T17:43:36.539+0000] {manager.py:501} INFO - Created Permission View: can read on DAG:example
[2023-08-30T17:43:36.543+0000] {logging_mixin.py:151} INFO - [2023-08-30T17:43:36.543+0000] {manager.py:501} INFO - Created Permission View: can edit on DAG:example
[2023-08-30T17:43:36.550+0000] {logging_mixin.py:151} INFO - [2023-08-30T17:43:36.550+0000] {dag.py:2907} INFO - Sync 1 DAGs
[2023-08-30T17:43:36.557+0000] {logging_mixin.py:151} INFO - [2023-08-30T17:43:36.556+0000] {dag.py:2929} INFO - Creating ORM DAG for example
[2023-08-30T17:43:36.562+0000] {logging_mixin.py:151} INFO - [2023-08-30T17:43:36.562+0000] {dag.py:3677} INFO - Setting next_dagrun for example to 2023-08-29T17:43:36.561983+00:00, run_after=2023-08-30T17:43:36.561983+00:00
[2023-08-30T17:43:36.570+0000] {processor.py:179} INFO - Processing /opt/airflow/dags/example.py took 0.302 seconds
[2023-08-30T17:44:06.708+0000] {processor.py:157} INFO - Started process (PID=236) to work on /opt/airflow/dags/example.py
[2023-08-30T17:44:06.709+0000] {processor.py:829} INFO - Processing file /opt/airflow/dags/example.py for tasks to queue
[2023-08-30T17:44:06.711+0000] {logging_mixin.py:151} INFO - [2023-08-30T17:44:06.711+0000] {dagbag.py:539} INFO - Filling up the DagBag from /opt/airflow/dags/example.py
[2023-08-30T17:44:06.717+0000] {processor.py:839} INFO - DAG(s) dict_keys(['example']) retrieved from /opt/airflow/dags/example.py
[2023-08-30T17:44:06.736+0000] {logging_mixin.py:151} INFO - [2023-08-30T17:44:06.736+0000] {dag.py:2907} INFO - Sync 1 DAGs
[2023-08-30T17:44:06.752+0000] {logging_mixin.py:151} INFO - [2023-08-30T17:44:06.752+0000] {dag.py:3677} INFO - Setting next_dagrun for example to 2023-08-29T17:44:06.751921+00:00, run_after=2023-08-30T17:44:06.751921+00:00
[2023-08-30T17:44:06.777+0000] {processor.py:179} INFO - Processing /opt/airflow/dags/example.py took 0.070 seconds
[2023-08-30T17:44:36.874+0000] {processor.py:157} INFO - Started process (PID=253) to work on /opt/airflow/dags/example.py
[2023-08-30T17:44:36.885+0000] {processor.py:829} INFO - Processing file /opt/airflow/dags/example.py for tasks to queue
[2023-08-30T17:44:36.886+0000] {logging_mixin.py:151} INFO - [2023-08-30T17:44:36.886+0000] {dagbag.py:539} INFO - Filling up the DagBag from /opt/airflow/dags/example.py
[2023-08-30T17:44:36.892+0000] {processor.py:839} INFO - DAG(s) dict_keys(['example']) retrieved from /opt/airflow/dags/example.py
[2023-08-30T17:44:36.908+0000] {logging_mixin.py:151} INFO - [2023-08-30T17:44:36.908+0000] {dag.py:2907} INFO - Sync 1 DAGs
[2023-08-30T17:44:36.921+0000] {logging_mixin.py:151} INFO - [2023-08-30T17:44:36.921+0000] {dag.py:3677} INFO - Setting next_dagrun for example to 2023-08-29T17:44:36.920926+00:00, run_after=2023-08-30T17:44:36.920926+00:00
[2023-08-30T17:44:36.931+0000] {processor.py:179} INFO - Processing /opt/airflow/dags/example.py took 0.059 seconds
[2023-08-30T17:45:07.040+0000] {processor.py:157} INFO - Started process (PID=282) to work on /opt/airflow/dags/example.py
[2023-08-30T17:45:07.050+0000] {processor.py:829} INFO - Processing file /opt/airflow/dags/example.py for tasks to queue
[2023-08-30T17:45:07.052+0000] {logging_mixin.py:151} INFO - [2023-08-30T17:45:07.051+0000] {dagbag.py:539} INFO - Filling up the DagBag from /opt/airflow/dags/example.py
[2023-08-30T17:45:07.057+0000] {processor.py:839} INFO - DAG(s) dict_keys(['example']) retrieved from /opt/airflow/dags/example.py
[2023-08-30T17:45:07.074+0000] {logging_mixin.py:151} INFO - [2023-08-30T17:45:07.074+0000] {dag.py:2907} INFO - Sync 1 DAGs
[2023-08-30T17:45:07.090+0000] {logging_mixin.py:151} INFO - [2023-08-30T17:45:07.089+0000] {dag.py:3677} INFO - Setting next_dagrun for example to 2023-08-30T17:44:36.920926+00:00, run_after=2023-08-31T17:44:36.920926+00:00
[2023-08-30T17:45:07.100+0000] {processor.py:179} INFO - Processing /opt/airflow/dags/example.py took 0.062 seconds
[2023-08-30T17:45:37.197+0000] {processor.py:157} INFO - Started process (PID=299) to work on /opt/airflow/dags/example.py
[2023-08-30T17:45:37.208+0000] {processor.py:829} INFO - Processing file /opt/airflow/dags/example.py for tasks to queue
[2023-08-30T17:45:37.210+0000] {logging_mixin.py:151} INFO - [2023-08-30T17:45:37.210+0000] {dagbag.py:539} INFO - Filling up the DagBag from /opt/airflow/dags/example.py
[2023-08-30T17:45:37.215+0000] {processor.py:839} INFO - DAG(s) dict_keys(['example']) retrieved from /opt/airflow/dags/example.py
[2023-08-30T17:45:37.232+0000] {logging_mixin.py:151} INFO - [2023-08-30T17:45:37.232+0000] {dag.py:2907} INFO - Sync 1 DAGs
[2023-08-30T17:45:37.245+0000] {logging_mixin.py:151} INFO - [2023-08-30T17:45:37.245+0000] {dag.py:3677} INFO - Setting next_dagrun for example to 2023-08-30T17:44:36.920926+00:00, run_after=2023-08-31T17:44:36.920926+00:00
[2023-08-30T17:45:37.255+0000] {processor.py:179} INFO - Processing /opt/airflow/dags/example.py took 0.059 seconds
[2023-08-30T17:46:07.373+0000] {processor.py:157} INFO - Started process (PID=324) to work on /opt/airflow/dags/example.py
[2023-08-30T17:46:07.383+0000] {processor.py:829} INFO - Processing file /opt/airflow/dags/example.py for tasks to queue
[2023-08-30T17:46:07.385+0000] {logging_mixin.py:151} INFO - [2023-08-30T17:46:07.385+0000] {dagbag.py:539} INFO - Filling up the DagBag from /opt/airflow/dags/example.py
[2023-08-30T17:46:07.391+0000] {processor.py:839} INFO - DAG(s) dict_keys(['example']) retrieved from /opt/airflow/dags/example.py
[2023-08-30T17:46:07.407+0000] {logging_mixin.py:151} INFO - [2023-08-30T17:46:07.407+0000] {dag.py:2907} INFO - Sync 1 DAGs
[2023-08-30T17:46:07.421+0000] {logging_mixin.py:151} INFO - [2023-08-30T17:46:07.421+0000] {dag.py:3677} INFO - Setting next_dagrun for example to 2023-08-30T17:44:36.920926+00:00, run_after=2023-08-31T17:44:36.920926+00:00
[2023-08-30T17:46:07.432+0000] {processor.py:179} INFO - Processing /opt/airflow/dags/example.py took 0.063 seconds
[2023-08-30T17:46:37.567+0000] {processor.py:157} INFO - Started process (PID=341) to work on /opt/airflow/dags/example.py
[2023-08-30T17:46:37.568+0000] {processor.py:829} INFO - Processing file /opt/airflow/dags/example.py for tasks to queue
[2023-08-30T17:46:37.569+0000] {logging_mixin.py:151} INFO - [2023-08-30T17:46:37.569+0000] {dagbag.py:539} INFO - Filling up the DagBag from /opt/airflow/dags/example.py
[2023-08-30T17:46:37.575+0000] {processor.py:839} INFO - DAG(s) dict_keys(['example']) retrieved from /opt/airflow/dags/example.py
[2023-08-30T17:46:37.591+0000] {logging_mixin.py:151} INFO - [2023-08-30T17:46:37.591+0000] {dag.py:2907} INFO - Sync 1 DAGs
[2023-08-30T17:46:37.604+0000] {logging_mixin.py:151} INFO - [2023-08-30T17:46:37.604+0000] {dag.py:3677} INFO - Setting next_dagrun for example to 2023-08-30T17:44:36.920926+00:00, run_after=2023-08-31T17:44:36.920926+00:00
[2023-08-30T17:46:37.615+0000] {processor.py:179} INFO - Processing /opt/airflow/dags/example.py took 0.049 seconds
[2023-08-30T17:47:07.711+0000] {processor.py:157} INFO - Started process (PID=366) to work on /opt/airflow/dags/example.py
[2023-08-30T17:47:07.722+0000] {processor.py:829} INFO - Processing file /opt/airflow/dags/example.py for tasks to queue
[2023-08-30T17:47:07.723+0000] {logging_mixin.py:151} INFO - [2023-08-30T17:47:07.723+0000] {dagbag.py:539} INFO - Filling up the DagBag from /opt/airflow/dags/example.py
[2023-08-30T17:47:07.729+0000] {processor.py:839} INFO - DAG(s) dict_keys(['example']) retrieved from /opt/airflow/dags/example.py
[2023-08-30T17:47:07.747+0000] {logging_mixin.py:151} INFO - [2023-08-30T17:47:07.747+0000] {dag.py:2907} INFO - Sync 1 DAGs
[2023-08-30T17:47:07.761+0000] {logging_mixin.py:151} INFO - [2023-08-30T17:47:07.761+0000] {dag.py:3677} INFO - Setting next_dagrun for example to 2023-08-30T17:44:36.920926+00:00, run_after=2023-08-31T17:44:36.920926+00:00
[2023-08-30T17:47:07.773+0000] {processor.py:179} INFO - Processing /opt/airflow/dags/example.py took 0.064 seconds
[2023-08-30T17:47:37.895+0000] {processor.py:157} INFO - Started process (PID=391) to work on /opt/airflow/dags/example.py
[2023-08-30T17:47:37.905+0000] {processor.py:829} INFO - Processing file /opt/airflow/dags/example.py for tasks to queue
[2023-08-30T17:47:37.907+0000] {logging_mixin.py:151} INFO - [2023-08-30T17:47:37.907+0000] {dagbag.py:539} INFO - Filling up the DagBag from /opt/airflow/dags/example.py
[2023-08-30T17:47:37.913+0000] {processor.py:839} INFO - DAG(s) dict_keys(['example']) retrieved from /opt/airflow/dags/example.py
[2023-08-30T17:47:37.931+0000] {logging_mixin.py:151} INFO - [2023-08-30T17:47:37.931+0000] {dag.py:2907} INFO - Sync 1 DAGs
[2023-08-30T17:47:37.947+0000] {logging_mixin.py:151} INFO - [2023-08-30T17:47:37.947+0000] {dag.py:3677} INFO - Setting next_dagrun for example to 2023-08-30T17:44:36.920926+00:00, run_after=2023-08-31T17:44:36.920926+00:00
[2023-08-30T17:47:37.958+0000] {processor.py:179} INFO - Processing /opt/airflow/dags/example.py took 0.065 seconds
[2023-08-30T17:48:08.063+0000] {processor.py:157} INFO - Started process (PID=408) to work on /opt/airflow/dags/example.py
[2023-08-30T17:48:08.074+0000] {processor.py:829} INFO - Processing file /opt/airflow/dags/example.py for tasks to queue
[2023-08-30T17:48:08.075+0000] {logging_mixin.py:151} INFO - [2023-08-30T17:48:08.075+0000] {dagbag.py:539} INFO - Filling up the DagBag from /opt/airflow/dags/example.py
[2023-08-30T17:48:08.081+0000] {processor.py:839} INFO - DAG(s) dict_keys(['example']) retrieved from /opt/airflow/dags/example.py
[2023-08-30T17:48:08.097+0000] {logging_mixin.py:151} INFO - [2023-08-30T17:48:08.097+0000] {dag.py:2907} INFO - Sync 1 DAGs
[2023-08-30T17:48:08.110+0000] {logging_mixin.py:151} INFO - [2023-08-30T17:48:08.110+0000] {dag.py:3677} INFO - Setting next_dagrun for example to 2023-08-30T17:44:36.920926+00:00, run_after=2023-08-31T17:44:36.920926+00:00
[2023-08-30T17:48:08.121+0000] {processor.py:179} INFO - Processing /opt/airflow/dags/example.py took 0.059 seconds
[2023-08-30T17:48:38.243+0000] {processor.py:157} INFO - Started process (PID=433) to work on /opt/airflow/dags/example.py
[2023-08-30T17:48:38.253+0000] {processor.py:829} INFO - Processing file /opt/airflow/dags/example.py for tasks to queue
[2023-08-30T17:48:38.255+0000] {logging_mixin.py:151} INFO - [2023-08-30T17:48:38.255+0000] {dagbag.py:539} INFO - Filling up the DagBag from /opt/airflow/dags/example.py
[2023-08-30T17:48:38.260+0000] {processor.py:839} INFO - DAG(s) dict_keys(['example']) retrieved from /opt/airflow/dags/example.py
[2023-08-30T17:48:38.277+0000] {logging_mixin.py:151} INFO - [2023-08-30T17:48:38.276+0000] {dag.py:2907} INFO - Sync 1 DAGs
[2023-08-30T17:48:38.290+0000] {logging_mixin.py:151} INFO - [2023-08-30T17:48:38.289+0000] {dag.py:3677} INFO - Setting next_dagrun for example to 2023-08-30T17:44:36.920926+00:00, run_after=2023-08-31T17:44:36.920926+00:00
[2023-08-30T17:48:38.300+0000] {processor.py:179} INFO - Processing /opt/airflow/dags/example.py took 0.059 seconds
[2023-08-30T17:49:08.419+0000] {processor.py:157} INFO - Started process (PID=450) to work on /opt/airflow/dags/example.py
[2023-08-30T17:49:08.421+0000] {processor.py:829} INFO - Processing file /opt/airflow/dags/example.py for tasks to queue
[2023-08-30T17:49:08.423+0000] {logging_mixin.py:151} INFO - [2023-08-30T17:49:08.423+0000] {dagbag.py:539} INFO - Filling up the DagBag from /opt/airflow/dags/example.py
[2023-08-30T17:49:08.428+0000] {processor.py:839} INFO - DAG(s) dict_keys(['example']) retrieved from /opt/airflow/dags/example.py
[2023-08-30T17:49:08.445+0000] {logging_mixin.py:151} INFO - [2023-08-30T17:49:08.445+0000] {dag.py:2907} INFO - Sync 1 DAGs
[2023-08-30T17:49:08.458+0000] {logging_mixin.py:151} INFO - [2023-08-30T17:49:08.458+0000] {dag.py:3677} INFO - Setting next_dagrun for example to 2023-08-30T17:44:36.920926+00:00, run_after=2023-08-31T17:44:36.920926+00:00
[2023-08-30T17:49:08.467+0000] {processor.py:179} INFO - Processing /opt/airflow/dags/example.py took 0.050 seconds
[2023-08-30T17:49:38.619+0000] {processor.py:157} INFO - Started process (PID=475) to work on /opt/airflow/dags/example.py
[2023-08-30T17:49:38.630+0000] {processor.py:829} INFO - Processing file /opt/airflow/dags/example.py for tasks to queue
[2023-08-30T17:49:38.631+0000] {logging_mixin.py:151} INFO - [2023-08-30T17:49:38.631+0000] {dagbag.py:539} INFO - Filling up the DagBag from /opt/airflow/dags/example.py
[2023-08-30T17:49:38.637+0000] {processor.py:839} INFO - DAG(s) dict_keys(['example']) retrieved from /opt/airflow/dags/example.py
[2023-08-30T17:49:38.653+0000] {logging_mixin.py:151} INFO - [2023-08-30T17:49:38.653+0000] {dag.py:2907} INFO - Sync 1 DAGs
[2023-08-30T17:49:38.666+0000] {logging_mixin.py:151} INFO - [2023-08-30T17:49:38.666+0000] {dag.py:3677} INFO - Setting next_dagrun for example to 2023-08-30T17:44:36.920926+00:00, run_after=2023-08-31T17:44:36.920926+00:00
[2023-08-30T17:49:38.678+0000] {processor.py:179} INFO - Processing /opt/airflow/dags/example.py took 0.060 seconds
[2023-08-30T17:50:08.784+0000] {processor.py:157} INFO - Started process (PID=492) to work on /opt/airflow/dags/example.py
[2023-08-30T17:50:08.785+0000] {processor.py:829} INFO - Processing file /opt/airflow/dags/example.py for tasks to queue
[2023-08-30T17:50:08.786+0000] {logging_mixin.py:151} INFO - [2023-08-30T17:50:08.786+0000] {dagbag.py:539} INFO - Filling up the DagBag from /opt/airflow/dags/example.py
[2023-08-30T17:50:08.791+0000] {processor.py:839} INFO - DAG(s) dict_keys(['example']) retrieved from /opt/airflow/dags/example.py
[2023-08-30T17:50:08.808+0000] {logging_mixin.py:151} INFO - [2023-08-30T17:50:08.808+0000] {dag.py:2907} INFO - Sync 1 DAGs
[2023-08-30T17:50:08.822+0000] {logging_mixin.py:151} INFO - [2023-08-30T17:50:08.822+0000] {dag.py:3677} INFO - Setting next_dagrun for example to 2023-08-30T17:44:36.920926+00:00, run_after=2023-08-31T17:44:36.920926+00:00
[2023-08-30T17:50:08.832+0000] {processor.py:179} INFO - Processing /opt/airflow/dags/example.py took 0.049 seconds
[2023-08-30T17:50:39.001+0000] {processor.py:157} INFO - Started process (PID=517) to work on /opt/airflow/dags/example.py
[2023-08-30T17:50:39.012+0000] {processor.py:829} INFO - Processing file /opt/airflow/dags/example.py for tasks to queue
[2023-08-30T17:50:39.014+0000] {logging_mixin.py:151} INFO - [2023-08-30T17:50:39.014+0000] {dagbag.py:539} INFO - Filling up the DagBag from /opt/airflow/dags/example.py
[2023-08-30T17:50:39.019+0000] {processor.py:839} INFO - DAG(s) dict_keys(['example']) retrieved from /opt/airflow/dags/example.py
[2023-08-30T17:50:39.036+0000] {logging_mixin.py:151} INFO - [2023-08-30T17:50:39.035+0000] {dag.py:2907} INFO - Sync 1 DAGs
[2023-08-30T17:50:39.049+0000] {logging_mixin.py:151} INFO - [2023-08-30T17:50:39.049+0000] {dag.py:3677} INFO - Setting next_dagrun for example to 2023-08-30T17:44:36.920926+00:00, run_after=2023-08-31T17:44:36.920926+00:00
[2023-08-30T17:50:39.059+0000] {processor.py:179} INFO - Processing /opt/airflow/dags/example.py took 0.059 seconds
[2023-08-30T17:51:09.166+0000] {processor.py:157} INFO - Started process (PID=542) to work on /opt/airflow/dags/example.py
[2023-08-30T17:51:09.176+0000] {processor.py:829} INFO - Processing file /opt/airflow/dags/example.py for tasks to queue
[2023-08-30T17:51:09.178+0000] {logging_mixin.py:151} INFO - [2023-08-30T17:51:09.178+0000] {dagbag.py:539} INFO - Filling up the DagBag from /opt/airflow/dags/example.py
[2023-08-30T17:51:09.187+0000] {processor.py:839} INFO - DAG(s) dict_keys(['example']) retrieved from /opt/airflow/dags/example.py
[2023-08-30T17:51:09.207+0000] {logging_mixin.py:151} INFO - [2023-08-30T17:51:09.207+0000] {dag.py:2907} INFO - Sync 1 DAGs
[2023-08-30T17:51:09.223+0000] {logging_mixin.py:151} INFO - [2023-08-30T17:51:09.222+0000] {dag.py:3677} INFO - Setting next_dagrun for example to 2023-08-30T17:44:36.920926+00:00, run_after=2023-08-31T17:44:36.920926+00:00
[2023-08-30T17:51:09.236+0000] {processor.py:179} INFO - Processing /opt/airflow/dags/example.py took 0.072 seconds
[2023-08-30T17:51:39.386+0000] {processor.py:157} INFO - Started process (PID=559) to work on /opt/airflow/dags/example.py
[2023-08-30T17:51:39.396+0000] {processor.py:829} INFO - Processing file /opt/airflow/dags/example.py for tasks to queue
[2023-08-30T17:51:39.398+0000] {logging_mixin.py:151} INFO - [2023-08-30T17:51:39.398+0000] {dagbag.py:539} INFO - Filling up the DagBag from /opt/airflow/dags/example.py
[2023-08-30T17:51:39.403+0000] {processor.py:839} INFO - DAG(s) dict_keys(['example']) retrieved from /opt/airflow/dags/example.py
[2023-08-30T17:51:39.420+0000] {logging_mixin.py:151} INFO - [2023-08-30T17:51:39.419+0000] {dag.py:2907} INFO - Sync 1 DAGs
[2023-08-30T17:51:39.432+0000] {logging_mixin.py:151} INFO - [2023-08-30T17:51:39.432+0000] {dag.py:3677} INFO - Setting next_dagrun for example to 2023-08-30T17:44:36.920926+00:00, run_after=2023-08-31T17:44:36.920926+00:00
[2023-08-30T17:51:39.443+0000] {processor.py:179} INFO - Processing /opt/airflow/dags/example.py took 0.059 seconds
[2023-08-30T17:52:09.533+0000] {processor.py:157} INFO - Started process (PID=584) to work on /opt/airflow/dags/example.py
[2023-08-30T17:52:09.534+0000] {processor.py:829} INFO - Processing file /opt/airflow/dags/example.py for tasks to queue
[2023-08-30T17:52:09.535+0000] {logging_mixin.py:151} INFO - [2023-08-30T17:52:09.535+0000] {dagbag.py:539} INFO - Filling up the DagBag from /opt/airflow/dags/example.py
[2023-08-30T17:52:09.541+0000] {processor.py:839} INFO - DAG(s) dict_keys(['example']) retrieved from /opt/airflow/dags/example.py
[2023-08-30T17:52:09.558+0000] {logging_mixin.py:151} INFO - [2023-08-30T17:52:09.558+0000] {dag.py:2907} INFO - Sync 1 DAGs
[2023-08-30T17:52:09.571+0000] {logging_mixin.py:151} INFO - [2023-08-30T17:52:09.571+0000] {dag.py:3677} INFO - Setting next_dagrun for example to 2023-08-30T17:44:36.920926+00:00, run_after=2023-08-31T17:44:36.920926+00:00
[2023-08-30T17:52:09.581+0000] {processor.py:179} INFO - Processing /opt/airflow/dags/example.py took 0.049 seconds
[2023-08-30T17:52:39.731+0000] {processor.py:157} INFO - Started process (PID=601) to work on /opt/airflow/dags/example.py
[2023-08-30T17:52:39.742+0000] {processor.py:829} INFO - Processing file /opt/airflow/dags/example.py for tasks to queue
[2023-08-30T17:52:39.743+0000] {logging_mixin.py:151} INFO - [2023-08-30T17:52:39.743+0000] {dagbag.py:539} INFO - Filling up the DagBag from /opt/airflow/dags/example.py
[2023-08-30T17:52:39.748+0000] {processor.py:839} INFO - DAG(s) dict_keys(['example']) retrieved from /opt/airflow/dags/example.py
[2023-08-30T17:52:39.766+0000] {logging_mixin.py:151} INFO - [2023-08-30T17:52:39.766+0000] {dag.py:2907} INFO - Sync 1 DAGs
[2023-08-30T17:52:39.779+0000] {logging_mixin.py:151} INFO - [2023-08-30T17:52:39.779+0000] {dag.py:3677} INFO - Setting next_dagrun for example to 2023-08-30T17:44:36.920926+00:00, run_after=2023-08-31T17:44:36.920926+00:00
[2023-08-30T17:52:39.790+0000] {processor.py:179} INFO - Processing /opt/airflow/dags/example.py took 0.061 seconds
[2023-08-30T17:53:09.886+0000] {processor.py:157} INFO - Started process (PID=626) to work on /opt/airflow/dags/example.py
[2023-08-30T17:53:09.897+0000] {processor.py:829} INFO - Processing file /opt/airflow/dags/example.py for tasks to queue
[2023-08-30T17:53:09.899+0000] {logging_mixin.py:151} INFO - [2023-08-30T17:53:09.899+0000] {dagbag.py:539} INFO - Filling up the DagBag from /opt/airflow/dags/example.py
[2023-08-30T17:53:09.905+0000] {processor.py:839} INFO - DAG(s) dict_keys(['example']) retrieved from /opt/airflow/dags/example.py
[2023-08-30T17:53:09.922+0000] {logging_mixin.py:151} INFO - [2023-08-30T17:53:09.922+0000] {dag.py:2907} INFO - Sync 1 DAGs
[2023-08-30T17:53:09.936+0000] {logging_mixin.py:151} INFO - [2023-08-30T17:53:09.936+0000] {dag.py:3677} INFO - Setting next_dagrun for example to 2023-08-30T17:44:36.920926+00:00, run_after=2023-08-31T17:44:36.920926+00:00
[2023-08-30T17:53:09.946+0000] {processor.py:179} INFO - Processing /opt/airflow/dags/example.py took 0.062 seconds
[2023-08-30T17:53:40.102+0000] {processor.py:157} INFO - Started process (PID=643) to work on /opt/airflow/dags/example.py
[2023-08-30T17:53:40.113+0000] {processor.py:829} INFO - Processing file /opt/airflow/dags/example.py for tasks to queue
[2023-08-30T17:53:40.115+0000] {logging_mixin.py:151} INFO - [2023-08-30T17:53:40.115+0000] {dagbag.py:539} INFO - Filling up the DagBag from /opt/airflow/dags/example.py
[2023-08-30T17:53:40.120+0000] {processor.py:839} INFO - DAG(s) dict_keys(['example']) retrieved from /opt/airflow/dags/example.py
[2023-08-30T17:53:40.137+0000] {logging_mixin.py:151} INFO - [2023-08-30T17:53:40.137+0000] {dag.py:2907} INFO - Sync 1 DAGs
[2023-08-30T17:53:40.150+0000] {logging_mixin.py:151} INFO - [2023-08-30T17:53:40.150+0000] {dag.py:3677} INFO - Setting next_dagrun for example to 2023-08-30T17:44:36.920926+00:00, run_after=2023-08-31T17:44:36.920926+00:00
[2023-08-30T17:53:40.161+0000] {processor.py:179} INFO - Processing /opt/airflow/dags/example.py took 0.060 seconds
[2023-08-30T17:54:10.267+0000] {processor.py:157} INFO - Started process (PID=668) to work on /opt/airflow/dags/example.py
[2023-08-30T17:54:10.278+0000] {processor.py:829} INFO - Processing file /opt/airflow/dags/example.py for tasks to queue
[2023-08-30T17:54:10.280+0000] {logging_mixin.py:151} INFO - [2023-08-30T17:54:10.280+0000] {dagbag.py:539} INFO - Filling up the DagBag from /opt/airflow/dags/example.py
[2023-08-30T17:54:10.285+0000] {processor.py:839} INFO - DAG(s) dict_keys(['example']) retrieved from /opt/airflow/dags/example.py
[2023-08-30T17:54:10.302+0000] {logging_mixin.py:151} INFO - [2023-08-30T17:54:10.302+0000] {dag.py:2907} INFO - Sync 1 DAGs
[2023-08-30T17:54:10.317+0000] {logging_mixin.py:151} INFO - [2023-08-30T17:54:10.317+0000] {dag.py:3677} INFO - Setting next_dagrun for example to 2023-08-30T17:44:36.920926+00:00, run_after=2023-08-31T17:44:36.920926+00:00
[2023-08-30T17:54:10.327+0000] {processor.py:179} INFO - Processing /opt/airflow/dags/example.py took 0.062 seconds
[2023-08-30T17:54:40.446+0000] {processor.py:157} INFO - Started process (PID=685) to work on /opt/airflow/dags/example.py
[2023-08-30T17:54:40.446+0000] {processor.py:829} INFO - Processing file /opt/airflow/dags/example.py for tasks to queue
[2023-08-30T17:54:40.448+0000] {logging_mixin.py:151} INFO - [2023-08-30T17:54:40.448+0000] {dagbag.py:539} INFO - Filling up the DagBag from /opt/airflow/dags/example.py
[2023-08-30T17:54:40.453+0000] {processor.py:839} INFO - DAG(s) dict_keys(['example']) retrieved from /opt/airflow/dags/example.py
[2023-08-30T17:54:40.470+0000] {logging_mixin.py:151} INFO - [2023-08-30T17:54:40.469+0000] {dag.py:2907} INFO - Sync 1 DAGs
[2023-08-30T17:54:40.482+0000] {logging_mixin.py:151} INFO - [2023-08-30T17:54:40.482+0000] {dag.py:3677} INFO - Setting next_dagrun for example to 2023-08-30T17:44:36.920926+00:00, run_after=2023-08-31T17:44:36.920926+00:00
[2023-08-30T17:54:40.495+0000] {processor.py:179} INFO - Processing /opt/airflow/dags/example.py took 0.050 seconds
[2023-08-30T17:56:36.845+0000] {processor.py:157} INFO - Started process (PID=53) to work on /opt/airflow/dags/example.py
[2023-08-30T17:56:36.846+0000] {processor.py:829} INFO - Processing file /opt/airflow/dags/example.py for tasks to queue
[2023-08-30T17:56:36.848+0000] {logging_mixin.py:151} INFO - [2023-08-30T17:56:36.848+0000] {dagbag.py:539} INFO - Filling up the DagBag from /opt/airflow/dags/example.py
[2023-08-30T17:56:36.855+0000] {processor.py:839} INFO - DAG(s) dict_keys(['example']) retrieved from /opt/airflow/dags/example.py
[2023-08-30T17:56:36.874+0000] {logging_mixin.py:151} INFO - [2023-08-30T17:56:36.874+0000] {dag.py:2907} INFO - Sync 1 DAGs
[2023-08-30T17:56:36.894+0000] {logging_mixin.py:151} INFO - [2023-08-30T17:56:36.894+0000] {dag.py:3677} INFO - Setting next_dagrun for example to 2023-08-30T17:44:36.920926+00:00, run_after=2023-08-31T17:44:36.920926+00:00
[2023-08-30T17:56:36.910+0000] {processor.py:179} INFO - Processing /opt/airflow/dags/example.py took 0.068 seconds
[2023-08-30T17:57:07.010+0000] {processor.py:157} INFO - Started process (PID=70) to work on /opt/airflow/dags/example.py
[2023-08-30T17:57:07.010+0000] {processor.py:829} INFO - Processing file /opt/airflow/dags/example.py for tasks to queue
[2023-08-30T17:57:07.011+0000] {logging_mixin.py:151} INFO - [2023-08-30T17:57:07.011+0000] {dagbag.py:539} INFO - Filling up the DagBag from /opt/airflow/dags/example.py
[2023-08-30T17:57:07.016+0000] {processor.py:839} INFO - DAG(s) dict_keys(['example']) retrieved from /opt/airflow/dags/example.py
[2023-08-30T17:57:07.033+0000] {logging_mixin.py:151} INFO - [2023-08-30T17:57:07.033+0000] {dag.py:2907} INFO - Sync 1 DAGs
[2023-08-30T17:57:07.046+0000] {logging_mixin.py:151} INFO - [2023-08-30T17:57:07.046+0000] {dag.py:3677} INFO - Setting next_dagrun for example to 2023-08-30T17:44:36.920926+00:00, run_after=2023-08-31T17:44:36.920926+00:00
[2023-08-30T17:57:07.057+0000] {processor.py:179} INFO - Processing /opt/airflow/dags/example.py took 0.049 seconds
[2023-08-30T17:58:45.158+0000] {processor.py:157} INFO - Started process (PID=53) to work on /opt/airflow/dags/example.py
[2023-08-30T17:58:45.159+0000] {processor.py:829} INFO - Processing file /opt/airflow/dags/example.py for tasks to queue
[2023-08-30T17:58:45.161+0000] {logging_mixin.py:151} INFO - [2023-08-30T17:58:45.161+0000] {dagbag.py:539} INFO - Filling up the DagBag from /opt/airflow/dags/example.py
[2023-08-30T17:58:45.170+0000] {processor.py:839} INFO - DAG(s) dict_keys(['example']) retrieved from /opt/airflow/dags/example.py
[2023-08-30T17:58:45.222+0000] {logging_mixin.py:151} INFO - [2023-08-30T17:58:45.221+0000] {dag.py:2907} INFO - Sync 1 DAGs
[2023-08-30T17:58:45.239+0000] {logging_mixin.py:151} INFO - [2023-08-30T17:58:45.239+0000] {dag.py:3677} INFO - Setting next_dagrun for example to 2023-08-30T17:44:36.920926+00:00, run_after=2023-08-31T17:44:36.920926+00:00
[2023-08-30T17:58:45.252+0000] {processor.py:179} INFO - Processing /opt/airflow/dags/example.py took 0.097 seconds
[2023-08-30T17:59:15.331+0000] {processor.py:157} INFO - Started process (PID=70) to work on /opt/airflow/dags/example.py
[2023-08-30T17:59:15.332+0000] {processor.py:829} INFO - Processing file /opt/airflow/dags/example.py for tasks to queue
[2023-08-30T17:59:15.333+0000] {logging_mixin.py:151} INFO - [2023-08-30T17:59:15.333+0000] {dagbag.py:539} INFO - Filling up the DagBag from /opt/airflow/dags/example.py
[2023-08-30T17:59:15.338+0000] {processor.py:839} INFO - DAG(s) dict_keys(['example']) retrieved from /opt/airflow/dags/example.py
[2023-08-30T17:59:15.355+0000] {logging_mixin.py:151} INFO - [2023-08-30T17:59:15.355+0000] {dag.py:2907} INFO - Sync 1 DAGs
[2023-08-30T17:59:15.368+0000] {logging_mixin.py:151} INFO - [2023-08-30T17:59:15.368+0000] {dag.py:3677} INFO - Setting next_dagrun for example to 2023-08-30T17:44:36.920926+00:00, run_after=2023-08-31T17:44:36.920926+00:00
[2023-08-30T17:59:15.378+0000] {processor.py:179} INFO - Processing /opt/airflow/dags/example.py took 0.048 seconds
[2023-08-30T17:59:45.525+0000] {processor.py:157} INFO - Started process (PID=95) to work on /opt/airflow/dags/example.py
[2023-08-30T17:59:45.525+0000] {processor.py:829} INFO - Processing file /opt/airflow/dags/example.py for tasks to queue
[2023-08-30T17:59:45.528+0000] {logging_mixin.py:151} INFO - [2023-08-30T17:59:45.527+0000] {dagbag.py:539} INFO - Filling up the DagBag from /opt/airflow/dags/example.py
[2023-08-30T17:59:45.535+0000] {processor.py:839} INFO - DAG(s) dict_keys(['example']) retrieved from /opt/airflow/dags/example.py
[2023-08-30T17:59:45.552+0000] {logging_mixin.py:151} INFO - [2023-08-30T17:59:45.552+0000] {dag.py:2907} INFO - Sync 1 DAGs
[2023-08-30T17:59:45.566+0000] {logging_mixin.py:151} INFO - [2023-08-30T17:59:45.566+0000] {dag.py:3677} INFO - Setting next_dagrun for example to 2023-08-30T17:44:36.920926+00:00, run_after=2023-08-31T17:44:36.920926+00:00
[2023-08-30T17:59:45.576+0000] {processor.py:179} INFO - Processing /opt/airflow/dags/example.py took 0.052 seconds
[2023-08-30T18:00:15.687+0000] {processor.py:157} INFO - Started process (PID=112) to work on /opt/airflow/dags/example.py
[2023-08-30T18:00:15.697+0000] {processor.py:829} INFO - Processing file /opt/airflow/dags/example.py for tasks to queue
[2023-08-30T18:00:15.698+0000] {logging_mixin.py:151} INFO - [2023-08-30T18:00:15.698+0000] {dagbag.py:539} INFO - Filling up the DagBag from /opt/airflow/dags/example.py
[2023-08-30T18:00:15.703+0000] {processor.py:839} INFO - DAG(s) dict_keys(['example']) retrieved from /opt/airflow/dags/example.py
[2023-08-30T18:00:15.720+0000] {logging_mixin.py:151} INFO - [2023-08-30T18:00:15.719+0000] {dag.py:2907} INFO - Sync 1 DAGs
[2023-08-30T18:00:15.732+0000] {logging_mixin.py:151} INFO - [2023-08-30T18:00:15.732+0000] {dag.py:3677} INFO - Setting next_dagrun for example to 2023-08-30T17:44:36.920926+00:00, run_after=2023-08-31T17:44:36.920926+00:00
[2023-08-30T18:00:15.743+0000] {processor.py:179} INFO - Processing /opt/airflow/dags/example.py took 0.058 seconds
[2023-08-30T18:00:45.842+0000] {processor.py:157} INFO - Started process (PID=137) to work on /opt/airflow/dags/example.py
[2023-08-30T18:00:45.853+0000] {processor.py:829} INFO - Processing file /opt/airflow/dags/example.py for tasks to queue
[2023-08-30T18:00:45.854+0000] {logging_mixin.py:151} INFO - [2023-08-30T18:00:45.854+0000] {dagbag.py:539} INFO - Filling up the DagBag from /opt/airflow/dags/example.py
[2023-08-30T18:00:45.859+0000] {processor.py:839} INFO - DAG(s) dict_keys(['example']) retrieved from /opt/airflow/dags/example.py
[2023-08-30T18:00:45.876+0000] {logging_mixin.py:151} INFO - [2023-08-30T18:00:45.876+0000] {dag.py:2907} INFO - Sync 1 DAGs
[2023-08-30T18:00:45.889+0000] {logging_mixin.py:151} INFO - [2023-08-30T18:00:45.889+0000] {dag.py:3677} INFO - Setting next_dagrun for example to 2023-08-30T17:44:36.920926+00:00, run_after=2023-08-31T17:44:36.920926+00:00
[2023-08-30T18:00:45.997+0000] {processor.py:179} INFO - Processing /opt/airflow/dags/example.py took 0.157 seconds
[2023-08-30T18:01:16.140+0000] {processor.py:157} INFO - Started process (PID=162) to work on /opt/airflow/dags/example.py
[2023-08-30T18:01:16.151+0000] {processor.py:829} INFO - Processing file /opt/airflow/dags/example.py for tasks to queue
[2023-08-30T18:01:16.153+0000] {logging_mixin.py:151} INFO - [2023-08-30T18:01:16.153+0000] {dagbag.py:539} INFO - Filling up the DagBag from /opt/airflow/dags/example.py
[2023-08-30T18:01:16.160+0000] {processor.py:839} INFO - DAG(s) dict_keys(['example']) retrieved from /opt/airflow/dags/example.py
[2023-08-30T18:01:16.178+0000] {logging_mixin.py:151} INFO - [2023-08-30T18:01:16.178+0000] {dag.py:2907} INFO - Sync 1 DAGs
[2023-08-30T18:01:16.288+0000] {logging_mixin.py:151} INFO - [2023-08-30T18:01:16.288+0000] {dag.py:3677} INFO - Setting next_dagrun for example to 2023-08-30T17:44:36.920926+00:00, run_after=2023-08-31T17:44:36.920926+00:00
[2023-08-30T18:01:16.309+0000] {processor.py:179} INFO - Processing /opt/airflow/dags/example.py took 0.171 seconds
[2023-08-30T18:01:46.459+0000] {processor.py:157} INFO - Started process (PID=179) to work on /opt/airflow/dags/example.py
[2023-08-30T18:01:46.470+0000] {processor.py:829} INFO - Processing file /opt/airflow/dags/example.py for tasks to queue
[2023-08-30T18:01:46.472+0000] {logging_mixin.py:151} INFO - [2023-08-30T18:01:46.471+0000] {dagbag.py:539} INFO - Filling up the DagBag from /opt/airflow/dags/example.py
[2023-08-30T18:01:46.477+0000] {processor.py:839} INFO - DAG(s) dict_keys(['example']) retrieved from /opt/airflow/dags/example.py
[2023-08-30T18:01:46.495+0000] {logging_mixin.py:151} INFO - [2023-08-30T18:01:46.495+0000] {dag.py:2907} INFO - Sync 1 DAGs
[2023-08-30T18:01:46.596+0000] {logging_mixin.py:151} INFO - [2023-08-30T18:01:46.596+0000] {dag.py:3677} INFO - Setting next_dagrun for example to 2023-08-30T17:44:36.920926+00:00, run_after=2023-08-31T17:44:36.920926+00:00
[2023-08-30T18:01:46.617+0000] {processor.py:179} INFO - Processing /opt/airflow/dags/example.py took 0.160 seconds
[2023-08-30T18:02:16.741+0000] {processor.py:157} INFO - Started process (PID=204) to work on /opt/airflow/dags/example.py
[2023-08-30T18:02:16.752+0000] {processor.py:829} INFO - Processing file /opt/airflow/dags/example.py for tasks to queue
[2023-08-30T18:02:16.753+0000] {logging_mixin.py:151} INFO - [2023-08-30T18:02:16.753+0000] {dagbag.py:539} INFO - Filling up the DagBag from /opt/airflow/dags/example.py
[2023-08-30T18:02:16.759+0000] {processor.py:839} INFO - DAG(s) dict_keys(['example']) retrieved from /opt/airflow/dags/example.py
[2023-08-30T18:02:16.884+0000] {logging_mixin.py:151} INFO - [2023-08-30T18:02:16.883+0000] {dag.py:2907} INFO - Sync 1 DAGs
[2023-08-30T18:02:16.900+0000] {logging_mixin.py:151} INFO - [2023-08-30T18:02:16.899+0000] {dag.py:3677} INFO - Setting next_dagrun for example to 2023-08-30T17:44:36.920926+00:00, run_after=2023-08-31T17:44:36.920926+00:00
[2023-08-30T18:02:16.912+0000] {processor.py:179} INFO - Processing /opt/airflow/dags/example.py took 0.172 seconds
[2023-08-30T18:02:47.146+0000] {processor.py:157} INFO - Started process (PID=221) to work on /opt/airflow/dags/example.py
[2023-08-30T18:02:47.146+0000] {processor.py:829} INFO - Processing file /opt/airflow/dags/example.py for tasks to queue
[2023-08-30T18:02:47.148+0000] {logging_mixin.py:151} INFO - [2023-08-30T18:02:47.147+0000] {dagbag.py:539} INFO - Filling up the DagBag from /opt/airflow/dags/example.py
[2023-08-30T18:02:47.153+0000] {processor.py:839} INFO - DAG(s) dict_keys(['example']) retrieved from /opt/airflow/dags/example.py
[2023-08-30T18:02:47.170+0000] {logging_mixin.py:151} INFO - [2023-08-30T18:02:47.170+0000] {dag.py:2907} INFO - Sync 1 DAGs
[2023-08-30T18:02:47.183+0000] {logging_mixin.py:151} INFO - [2023-08-30T18:02:47.183+0000] {dag.py:3677} INFO - Setting next_dagrun for example to 2023-08-30T17:44:36.920926+00:00, run_after=2023-08-31T17:44:36.920926+00:00
[2023-08-30T18:02:47.193+0000] {processor.py:179} INFO - Processing /opt/airflow/dags/example.py took 0.050 seconds
[2023-08-30T18:03:17.294+0000] {processor.py:157} INFO - Started process (PID=246) to work on /opt/airflow/dags/example.py
[2023-08-30T18:03:17.295+0000] {processor.py:829} INFO - Processing file /opt/airflow/dags/example.py for tasks to queue
[2023-08-30T18:03:17.296+0000] {logging_mixin.py:151} INFO - [2023-08-30T18:03:17.296+0000] {dagbag.py:539} INFO - Filling up the DagBag from /opt/airflow/dags/example.py
[2023-08-30T18:03:17.301+0000] {processor.py:839} INFO - DAG(s) dict_keys(['example']) retrieved from /opt/airflow/dags/example.py
[2023-08-30T18:03:17.318+0000] {logging_mixin.py:151} INFO - [2023-08-30T18:03:17.318+0000] {dag.py:2907} INFO - Sync 1 DAGs
[2023-08-30T18:03:17.332+0000] {logging_mixin.py:151} INFO - [2023-08-30T18:03:17.331+0000] {dag.py:3677} INFO - Setting next_dagrun for example to 2023-08-30T17:44:36.920926+00:00, run_after=2023-08-31T17:44:36.920926+00:00
[2023-08-30T18:03:17.342+0000] {processor.py:179} INFO - Processing /opt/airflow/dags/example.py took 0.050 seconds
[2023-08-30T18:03:47.467+0000] {processor.py:157} INFO - Started process (PID=271) to work on /opt/airflow/dags/example.py
[2023-08-30T18:03:47.468+0000] {processor.py:829} INFO - Processing file /opt/airflow/dags/example.py for tasks to queue
[2023-08-30T18:03:47.469+0000] {logging_mixin.py:151} INFO - [2023-08-30T18:03:47.469+0000] {dagbag.py:539} INFO - Filling up the DagBag from /opt/airflow/dags/example.py
[2023-08-30T18:03:47.474+0000] {processor.py:839} INFO - DAG(s) dict_keys(['example']) retrieved from /opt/airflow/dags/example.py
[2023-08-30T18:03:47.492+0000] {logging_mixin.py:151} INFO - [2023-08-30T18:03:47.492+0000] {dag.py:2907} INFO - Sync 1 DAGs
[2023-08-30T18:03:47.508+0000] {logging_mixin.py:151} INFO - [2023-08-30T18:03:47.508+0000] {dag.py:3677} INFO - Setting next_dagrun for example to 2023-08-30T17:44:36.920926+00:00, run_after=2023-08-31T17:44:36.920926+00:00
[2023-08-30T18:03:47.519+0000] {processor.py:179} INFO - Processing /opt/airflow/dags/example.py took 0.054 seconds
[2023-08-30T18:04:17.623+0000] {processor.py:157} INFO - Started process (PID=288) to work on /opt/airflow/dags/example.py
[2023-08-30T18:04:17.633+0000] {processor.py:829} INFO - Processing file /opt/airflow/dags/example.py for tasks to queue
[2023-08-30T18:04:17.634+0000] {logging_mixin.py:151} INFO - [2023-08-30T18:04:17.634+0000] {dagbag.py:539} INFO - Filling up the DagBag from /opt/airflow/dags/example.py
[2023-08-30T18:04:17.640+0000] {processor.py:839} INFO - DAG(s) dict_keys(['example']) retrieved from /opt/airflow/dags/example.py
[2023-08-30T18:04:17.656+0000] {logging_mixin.py:151} INFO - [2023-08-30T18:04:17.656+0000] {dag.py:2907} INFO - Sync 1 DAGs
[2023-08-30T18:04:17.670+0000] {logging_mixin.py:151} INFO - [2023-08-30T18:04:17.669+0000] {dag.py:3677} INFO - Setting next_dagrun for example to 2023-08-30T17:44:36.920926+00:00, run_after=2023-08-31T17:44:36.920926+00:00
[2023-08-30T18:04:17.679+0000] {processor.py:179} INFO - Processing /opt/airflow/dags/example.py took 0.058 seconds
[2023-08-30T18:04:47.790+0000] {processor.py:157} INFO - Started process (PID=313) to work on /opt/airflow/dags/example.py
[2023-08-30T18:04:47.790+0000] {processor.py:829} INFO - Processing file /opt/airflow/dags/example.py for tasks to queue
[2023-08-30T18:04:47.792+0000] {logging_mixin.py:151} INFO - [2023-08-30T18:04:47.792+0000] {dagbag.py:539} INFO - Filling up the DagBag from /opt/airflow/dags/example.py
[2023-08-30T18:04:47.797+0000] {processor.py:839} INFO - DAG(s) dict_keys(['example']) retrieved from /opt/airflow/dags/example.py
[2023-08-30T18:04:47.815+0000] {logging_mixin.py:151} INFO - [2023-08-30T18:04:47.815+0000] {dag.py:2907} INFO - Sync 1 DAGs
[2023-08-30T18:04:47.830+0000] {logging_mixin.py:151} INFO - [2023-08-30T18:04:47.830+0000] {dag.py:3677} INFO - Setting next_dagrun for example to 2023-08-30T17:44:36.920926+00:00, run_after=2023-08-31T17:44:36.920926+00:00
[2023-08-30T18:04:47.841+0000] {processor.py:179} INFO - Processing /opt/airflow/dags/example.py took 0.053 seconds
[2023-08-30T18:05:17.952+0000] {processor.py:157} INFO - Started process (PID=330) to work on /opt/airflow/dags/example.py
[2023-08-30T18:05:17.953+0000] {processor.py:829} INFO - Processing file /opt/airflow/dags/example.py for tasks to queue
[2023-08-30T18:05:17.954+0000] {logging_mixin.py:151} INFO - [2023-08-30T18:05:17.954+0000] {dagbag.py:539} INFO - Filling up the DagBag from /opt/airflow/dags/example.py
[2023-08-30T18:05:17.960+0000] {processor.py:839} INFO - DAG(s) dict_keys(['example']) retrieved from /opt/airflow/dags/example.py
[2023-08-30T18:05:17.977+0000] {logging_mixin.py:151} INFO - [2023-08-30T18:05:17.976+0000] {dag.py:2907} INFO - Sync 1 DAGs
[2023-08-30T18:05:17.990+0000] {logging_mixin.py:151} INFO - [2023-08-30T18:05:17.990+0000] {dag.py:3677} INFO - Setting next_dagrun for example to 2023-08-30T17:44:36.920926+00:00, run_after=2023-08-31T17:44:36.920926+00:00
[2023-08-30T18:05:18.000+0000] {processor.py:179} INFO - Processing /opt/airflow/dags/example.py took 0.051 seconds
[2023-08-30T18:05:48.140+0000] {processor.py:157} INFO - Started process (PID=355) to work on /opt/airflow/dags/example.py
[2023-08-30T18:05:48.151+0000] {processor.py:829} INFO - Processing file /opt/airflow/dags/example.py for tasks to queue
[2023-08-30T18:05:48.153+0000] {logging_mixin.py:151} INFO - [2023-08-30T18:05:48.153+0000] {dagbag.py:539} INFO - Filling up the DagBag from /opt/airflow/dags/example.py
[2023-08-30T18:05:48.160+0000] {processor.py:839} INFO - DAG(s) dict_keys(['example']) retrieved from /opt/airflow/dags/example.py
[2023-08-30T18:05:48.177+0000] {logging_mixin.py:151} INFO - [2023-08-30T18:05:48.177+0000] {dag.py:2907} INFO - Sync 1 DAGs
[2023-08-30T18:05:48.190+0000] {logging_mixin.py:151} INFO - [2023-08-30T18:05:48.190+0000] {dag.py:3677} INFO - Setting next_dagrun for example to 2023-08-30T17:44:36.920926+00:00, run_after=2023-08-31T17:44:36.920926+00:00
[2023-08-30T18:05:48.201+0000] {processor.py:179} INFO - Processing /opt/airflow/dags/example.py took 0.063 seconds
[2023-08-30T18:06:18.290+0000] {processor.py:157} INFO - Started process (PID=380) to work on /opt/airflow/dags/example.py
[2023-08-30T18:06:18.301+0000] {processor.py:829} INFO - Processing file /opt/airflow/dags/example.py for tasks to queue
[2023-08-30T18:06:18.302+0000] {logging_mixin.py:151} INFO - [2023-08-30T18:06:18.302+0000] {dagbag.py:539} INFO - Filling up the DagBag from /opt/airflow/dags/example.py
[2023-08-30T18:06:18.307+0000] {processor.py:839} INFO - DAG(s) dict_keys(['example']) retrieved from /opt/airflow/dags/example.py
[2023-08-30T18:06:18.325+0000] {logging_mixin.py:151} INFO - [2023-08-30T18:06:18.325+0000] {dag.py:2907} INFO - Sync 1 DAGs
[2023-08-30T18:06:18.339+0000] {logging_mixin.py:151} INFO - [2023-08-30T18:06:18.339+0000] {dag.py:3677} INFO - Setting next_dagrun for example to 2023-08-30T17:44:36.920926+00:00, run_after=2023-08-31T17:44:36.920926+00:00
[2023-08-30T18:06:18.351+0000] {processor.py:179} INFO - Processing /opt/airflow/dags/example.py took 0.063 seconds
[2023-08-30T18:06:48.507+0000] {processor.py:157} INFO - Started process (PID=397) to work on /opt/airflow/dags/example.py
[2023-08-30T18:06:48.518+0000] {processor.py:829} INFO - Processing file /opt/airflow/dags/example.py for tasks to queue
[2023-08-30T18:06:48.520+0000] {logging_mixin.py:151} INFO - [2023-08-30T18:06:48.520+0000] {dagbag.py:539} INFO - Filling up the DagBag from /opt/airflow/dags/example.py
[2023-08-30T18:06:48.525+0000] {processor.py:839} INFO - DAG(s) dict_keys(['example']) retrieved from /opt/airflow/dags/example.py
[2023-08-30T18:06:48.541+0000] {logging_mixin.py:151} INFO - [2023-08-30T18:06:48.541+0000] {dag.py:2907} INFO - Sync 1 DAGs
[2023-08-30T18:06:48.554+0000] {logging_mixin.py:151} INFO - [2023-08-30T18:06:48.554+0000] {dag.py:3677} INFO - Setting next_dagrun for example to 2023-08-30T17:44:36.920926+00:00, run_after=2023-08-31T17:44:36.920926+00:00
[2023-08-30T18:06:48.564+0000] {processor.py:179} INFO - Processing /opt/airflow/dags/example.py took 0.059 seconds
[2023-08-30T18:07:18.654+0000] {processor.py:157} INFO - Started process (PID=422) to work on /opt/airflow/dags/example.py
[2023-08-30T18:07:18.664+0000] {processor.py:829} INFO - Processing file /opt/airflow/dags/example.py for tasks to queue
[2023-08-30T18:07:18.666+0000] {logging_mixin.py:151} INFO - [2023-08-30T18:07:18.666+0000] {dagbag.py:539} INFO - Filling up the DagBag from /opt/airflow/dags/example.py
[2023-08-30T18:07:18.671+0000] {processor.py:839} INFO - DAG(s) dict_keys(['example']) retrieved from /opt/airflow/dags/example.py
[2023-08-30T18:07:18.688+0000] {logging_mixin.py:151} INFO - [2023-08-30T18:07:18.688+0000] {dag.py:2907} INFO - Sync 1 DAGs
[2023-08-30T18:07:18.703+0000] {logging_mixin.py:151} INFO - [2023-08-30T18:07:18.703+0000] {dag.py:3677} INFO - Setting next_dagrun for example to 2023-08-30T17:44:36.920926+00:00, run_after=2023-08-31T17:44:36.920926+00:00
[2023-08-30T18:07:18.713+0000] {processor.py:179} INFO - Processing /opt/airflow/dags/example.py took 0.061 seconds
[2023-08-30T18:07:48.847+0000] {processor.py:157} INFO - Started process (PID=439) to work on /opt/airflow/dags/example.py
[2023-08-30T18:07:48.857+0000] {processor.py:829} INFO - Processing file /opt/airflow/dags/example.py for tasks to queue
[2023-08-30T18:07:48.859+0000] {logging_mixin.py:151} INFO - [2023-08-30T18:07:48.859+0000] {dagbag.py:539} INFO - Filling up the DagBag from /opt/airflow/dags/example.py
[2023-08-30T18:07:48.864+0000] {processor.py:839} INFO - DAG(s) dict_keys(['example']) retrieved from /opt/airflow/dags/example.py
[2023-08-30T18:07:48.880+0000] {logging_mixin.py:151} INFO - [2023-08-30T18:07:48.880+0000] {dag.py:2907} INFO - Sync 1 DAGs
[2023-08-30T18:07:48.893+0000] {logging_mixin.py:151} INFO - [2023-08-30T18:07:48.893+0000] {dag.py:3677} INFO - Setting next_dagrun for example to 2023-08-30T17:44:36.920926+00:00, run_after=2023-08-31T17:44:36.920926+00:00
[2023-08-30T18:07:48.903+0000] {processor.py:179} INFO - Processing /opt/airflow/dags/example.py took 0.058 seconds
[2023-08-30T18:08:19.014+0000] {processor.py:157} INFO - Started process (PID=464) to work on /opt/airflow/dags/example.py
[2023-08-30T18:08:19.025+0000] {processor.py:829} INFO - Processing file /opt/airflow/dags/example.py for tasks to queue
[2023-08-30T18:08:19.027+0000] {logging_mixin.py:151} INFO - [2023-08-30T18:08:19.026+0000] {dagbag.py:539} INFO - Filling up the DagBag from /opt/airflow/dags/example.py
[2023-08-30T18:08:19.035+0000] {processor.py:839} INFO - DAG(s) dict_keys(['example']) retrieved from /opt/airflow/dags/example.py
[2023-08-30T18:08:19.060+0000] {logging_mixin.py:151} INFO - [2023-08-30T18:08:19.059+0000] {dag.py:2907} INFO - Sync 1 DAGs
[2023-08-30T18:08:19.080+0000] {logging_mixin.py:151} INFO - [2023-08-30T18:08:19.079+0000] {dag.py:3677} INFO - Setting next_dagrun for example to 2023-08-30T17:44:36.920926+00:00, run_after=2023-08-31T17:44:36.920926+00:00
[2023-08-30T18:08:19.094+0000] {processor.py:179} INFO - Processing /opt/airflow/dags/example.py took 0.082 seconds
[2023-08-30T18:08:49.214+0000] {processor.py:157} INFO - Started process (PID=481) to work on /opt/airflow/dags/example.py
[2023-08-30T18:08:49.225+0000] {processor.py:829} INFO - Processing file /opt/airflow/dags/example.py for tasks to queue
[2023-08-30T18:08:49.226+0000] {logging_mixin.py:151} INFO - [2023-08-30T18:08:49.226+0000] {dagbag.py:539} INFO - Filling up the DagBag from /opt/airflow/dags/example.py
[2023-08-30T18:08:49.231+0000] {processor.py:839} INFO - DAG(s) dict_keys(['example']) retrieved from /opt/airflow/dags/example.py
[2023-08-30T18:08:49.248+0000] {logging_mixin.py:151} INFO - [2023-08-30T18:08:49.247+0000] {dag.py:2907} INFO - Sync 1 DAGs
[2023-08-30T18:08:49.260+0000] {logging_mixin.py:151} INFO - [2023-08-30T18:08:49.260+0000] {dag.py:3677} INFO - Setting next_dagrun for example to 2023-08-30T17:44:36.920926+00:00, run_after=2023-08-31T17:44:36.920926+00:00
[2023-08-30T18:08:49.273+0000] {processor.py:179} INFO - Processing /opt/airflow/dags/example.py took 0.061 seconds
[2023-08-30T18:09:19.386+0000] {processor.py:157} INFO - Started process (PID=506) to work on /opt/airflow/dags/example.py
[2023-08-30T18:09:19.396+0000] {processor.py:829} INFO - Processing file /opt/airflow/dags/example.py for tasks to queue
[2023-08-30T18:09:19.398+0000] {logging_mixin.py:151} INFO - [2023-08-30T18:09:19.397+0000] {dagbag.py:539} INFO - Filling up the DagBag from /opt/airflow/dags/example.py
[2023-08-30T18:09:19.403+0000] {processor.py:839} INFO - DAG(s) dict_keys(['example']) retrieved from /opt/airflow/dags/example.py
[2023-08-30T18:09:19.419+0000] {logging_mixin.py:151} INFO - [2023-08-30T18:09:19.419+0000] {dag.py:2907} INFO - Sync 1 DAGs
[2023-08-30T18:09:19.432+0000] {logging_mixin.py:151} INFO - [2023-08-30T18:09:19.432+0000] {dag.py:3677} INFO - Setting next_dagrun for example to 2023-08-30T17:44:36.920926+00:00, run_after=2023-08-31T17:44:36.920926+00:00
[2023-08-30T18:09:19.442+0000] {processor.py:179} INFO - Processing /opt/airflow/dags/example.py took 0.058 seconds
[2023-08-30T18:09:49.575+0000] {processor.py:157} INFO - Started process (PID=531) to work on /opt/airflow/dags/example.py
[2023-08-30T18:09:49.575+0000] {processor.py:829} INFO - Processing file /opt/airflow/dags/example.py for tasks to queue
[2023-08-30T18:09:49.577+0000] {logging_mixin.py:151} INFO - [2023-08-30T18:09:49.576+0000] {dagbag.py:539} INFO - Filling up the DagBag from /opt/airflow/dags/example.py
[2023-08-30T18:09:49.582+0000] {processor.py:839} INFO - DAG(s) dict_keys(['example']) retrieved from /opt/airflow/dags/example.py
[2023-08-30T18:09:49.598+0000] {logging_mixin.py:151} INFO - [2023-08-30T18:09:49.597+0000] {dag.py:2907} INFO - Sync 1 DAGs
[2023-08-30T18:09:49.610+0000] {logging_mixin.py:151} INFO - [2023-08-30T18:09:49.610+0000] {dag.py:3677} INFO - Setting next_dagrun for example to 2023-08-30T17:44:36.920926+00:00, run_after=2023-08-31T17:44:36.920926+00:00
[2023-08-30T18:09:49.620+0000] {processor.py:179} INFO - Processing /opt/airflow/dags/example.py took 0.047 seconds
[2023-08-30T18:10:19.730+0000] {processor.py:157} INFO - Started process (PID=548) to work on /opt/airflow/dags/example.py
[2023-08-30T18:10:19.741+0000] {processor.py:829} INFO - Processing file /opt/airflow/dags/example.py for tasks to queue
[2023-08-30T18:10:19.742+0000] {logging_mixin.py:151} INFO - [2023-08-30T18:10:19.742+0000] {dagbag.py:539} INFO - Filling up the DagBag from /opt/airflow/dags/example.py
[2023-08-30T18:10:19.747+0000] {processor.py:839} INFO - DAG(s) dict_keys(['example']) retrieved from /opt/airflow/dags/example.py
[2023-08-30T18:10:19.764+0000] {logging_mixin.py:151} INFO - [2023-08-30T18:10:19.763+0000] {dag.py:2907} INFO - Sync 1 DAGs
[2023-08-30T18:10:19.776+0000] {logging_mixin.py:151} INFO - [2023-08-30T18:10:19.776+0000] {dag.py:3677} INFO - Setting next_dagrun for example to 2023-08-30T17:44:36.920926+00:00, run_after=2023-08-31T17:44:36.920926+00:00
[2023-08-30T18:10:19.786+0000] {processor.py:179} INFO - Processing /opt/airflow/dags/example.py took 0.058 seconds
[2023-08-30T18:10:49.897+0000] {processor.py:157} INFO - Started process (PID=573) to work on /opt/airflow/dags/example.py
[2023-08-30T18:10:49.897+0000] {processor.py:829} INFO - Processing file /opt/airflow/dags/example.py for tasks to queue
[2023-08-30T18:10:49.898+0000] {logging_mixin.py:151} INFO - [2023-08-30T18:10:49.898+0000] {dagbag.py:539} INFO - Filling up the DagBag from /opt/airflow/dags/example.py
[2023-08-30T18:10:49.904+0000] {processor.py:839} INFO - DAG(s) dict_keys(['example']) retrieved from /opt/airflow/dags/example.py
[2023-08-30T18:10:49.921+0000] {logging_mixin.py:151} INFO - [2023-08-30T18:10:49.921+0000] {dag.py:2907} INFO - Sync 1 DAGs
[2023-08-30T18:10:49.935+0000] {logging_mixin.py:151} INFO - [2023-08-30T18:10:49.935+0000] {dag.py:3677} INFO - Setting next_dagrun for example to 2023-08-30T17:44:36.920926+00:00, run_after=2023-08-31T17:44:36.920926+00:00
[2023-08-30T18:10:49.947+0000] {processor.py:179} INFO - Processing /opt/airflow/dags/example.py took 0.052 seconds
[2023-08-30T18:11:20.056+0000] {processor.py:157} INFO - Started process (PID=590) to work on /opt/airflow/dags/example.py
[2023-08-30T18:11:20.066+0000] {processor.py:829} INFO - Processing file /opt/airflow/dags/example.py for tasks to queue
[2023-08-30T18:11:20.068+0000] {logging_mixin.py:151} INFO - [2023-08-30T18:11:20.068+0000] {dagbag.py:539} INFO - Filling up the DagBag from /opt/airflow/dags/example.py
[2023-08-30T18:11:20.073+0000] {processor.py:839} INFO - DAG(s) dict_keys(['example']) retrieved from /opt/airflow/dags/example.py
[2023-08-30T18:11:20.089+0000] {logging_mixin.py:151} INFO - [2023-08-30T18:11:20.089+0000] {dag.py:2907} INFO - Sync 1 DAGs
[2023-08-30T18:11:20.102+0000] {logging_mixin.py:151} INFO - [2023-08-30T18:11:20.102+0000] {dag.py:3677} INFO - Setting next_dagrun for example to 2023-08-30T17:44:36.920926+00:00, run_after=2023-08-31T17:44:36.920926+00:00
[2023-08-30T18:11:20.112+0000] {processor.py:179} INFO - Processing /opt/airflow/dags/example.py took 0.058 seconds
[2023-08-30T18:11:50.208+0000] {processor.py:157} INFO - Started process (PID=615) to work on /opt/airflow/dags/example.py
[2023-08-30T18:11:50.219+0000] {processor.py:829} INFO - Processing file /opt/airflow/dags/example.py for tasks to queue
[2023-08-30T18:11:50.220+0000] {logging_mixin.py:151} INFO - [2023-08-30T18:11:50.220+0000] {dagbag.py:539} INFO - Filling up the DagBag from /opt/airflow/dags/example.py
[2023-08-30T18:11:50.226+0000] {processor.py:839} INFO - DAG(s) dict_keys(['example']) retrieved from /opt/airflow/dags/example.py
[2023-08-30T18:11:50.244+0000] {logging_mixin.py:151} INFO - [2023-08-30T18:11:50.244+0000] {dag.py:2907} INFO - Sync 1 DAGs
[2023-08-30T18:11:50.258+0000] {logging_mixin.py:151} INFO - [2023-08-30T18:11:50.258+0000] {dag.py:3677} INFO - Setting next_dagrun for example to 2023-08-30T17:44:36.920926+00:00, run_after=2023-08-31T17:44:36.920926+00:00
[2023-08-30T18:11:50.269+0000] {processor.py:179} INFO - Processing /opt/airflow/dags/example.py took 0.063 seconds
[2023-08-30T18:12:20.368+0000] {processor.py:157} INFO - Started process (PID=640) to work on /opt/airflow/dags/example.py
[2023-08-30T18:12:20.379+0000] {processor.py:829} INFO - Processing file /opt/airflow/dags/example.py for tasks to queue
[2023-08-30T18:12:20.380+0000] {logging_mixin.py:151} INFO - [2023-08-30T18:12:20.380+0000] {dagbag.py:539} INFO - Filling up the DagBag from /opt/airflow/dags/example.py
[2023-08-30T18:12:20.386+0000] {processor.py:839} INFO - DAG(s) dict_keys(['example']) retrieved from /opt/airflow/dags/example.py
[2023-08-30T18:12:20.404+0000] {logging_mixin.py:151} INFO - [2023-08-30T18:12:20.404+0000] {dag.py:2907} INFO - Sync 1 DAGs
[2023-08-30T18:12:20.418+0000] {logging_mixin.py:151} INFO - [2023-08-30T18:12:20.418+0000] {dag.py:3677} INFO - Setting next_dagrun for example to 2023-08-30T17:44:36.920926+00:00, run_after=2023-08-31T17:44:36.920926+00:00
[2023-08-30T18:12:20.429+0000] {processor.py:179} INFO - Processing /opt/airflow/dags/example.py took 0.064 seconds
[2023-08-30T18:12:50.535+0000] {processor.py:157} INFO - Started process (PID=657) to work on /opt/airflow/dags/example.py
[2023-08-30T18:12:50.545+0000] {processor.py:829} INFO - Processing file /opt/airflow/dags/example.py for tasks to queue
[2023-08-30T18:12:50.547+0000] {logging_mixin.py:151} INFO - [2023-08-30T18:12:50.547+0000] {dagbag.py:539} INFO - Filling up the DagBag from /opt/airflow/dags/example.py
[2023-08-30T18:12:50.552+0000] {processor.py:839} INFO - DAG(s) dict_keys(['example']) retrieved from /opt/airflow/dags/example.py
[2023-08-30T18:12:50.569+0000] {logging_mixin.py:151} INFO - [2023-08-30T18:12:50.569+0000] {dag.py:2907} INFO - Sync 1 DAGs
[2023-08-30T18:12:50.581+0000] {logging_mixin.py:151} INFO - [2023-08-30T18:12:50.581+0000] {dag.py:3677} INFO - Setting next_dagrun for example to 2023-08-30T17:44:36.920926+00:00, run_after=2023-08-31T17:44:36.920926+00:00
[2023-08-30T18:12:50.591+0000] {processor.py:179} INFO - Processing /opt/airflow/dags/example.py took 0.058 seconds
[2023-08-30T18:13:20.679+0000] {processor.py:157} INFO - Started process (PID=682) to work on /opt/airflow/dags/example.py
[2023-08-30T18:13:20.690+0000] {processor.py:829} INFO - Processing file /opt/airflow/dags/example.py for tasks to queue
[2023-08-30T18:13:20.692+0000] {logging_mixin.py:151} INFO - [2023-08-30T18:13:20.692+0000] {dagbag.py:539} INFO - Filling up the DagBag from /opt/airflow/dags/example.py
[2023-08-30T18:13:20.698+0000] {processor.py:839} INFO - DAG(s) dict_keys(['example']) retrieved from /opt/airflow/dags/example.py
[2023-08-30T18:13:20.715+0000] {logging_mixin.py:151} INFO - [2023-08-30T18:13:20.715+0000] {dag.py:2907} INFO - Sync 1 DAGs
[2023-08-30T18:13:20.728+0000] {logging_mixin.py:151} INFO - [2023-08-30T18:13:20.728+0000] {dag.py:3677} INFO - Setting next_dagrun for example to 2023-08-30T17:44:36.920926+00:00, run_after=2023-08-31T17:44:36.920926+00:00
[2023-08-30T18:13:20.739+0000] {processor.py:179} INFO - Processing /opt/airflow/dags/example.py took 0.061 seconds
[2023-08-30T18:14:32.891+0000] {processor.py:157} INFO - Started process (PID=53) to work on /opt/airflow/dags/example.py
[2023-08-30T18:14:32.892+0000] {processor.py:829} INFO - Processing file /opt/airflow/dags/example.py for tasks to queue
[2023-08-30T18:14:32.893+0000] {logging_mixin.py:151} INFO - [2023-08-30T18:14:32.893+0000] {dagbag.py:539} INFO - Filling up the DagBag from /opt/airflow/dags/example.py
[2023-08-30T18:14:32.899+0000] {processor.py:839} INFO - DAG(s) dict_keys(['example']) retrieved from /opt/airflow/dags/example.py
[2023-08-30T18:14:32.917+0000] {logging_mixin.py:151} INFO - [2023-08-30T18:14:32.917+0000] {dag.py:2907} INFO - Sync 1 DAGs
[2023-08-30T18:14:32.937+0000] {logging_mixin.py:151} INFO - [2023-08-30T18:14:32.937+0000] {dag.py:3677} INFO - Setting next_dagrun for example to 2023-08-30T17:44:36.920926+00:00, run_after=2023-08-31T17:44:36.920926+00:00
[2023-08-30T18:14:32.954+0000] {processor.py:179} INFO - Processing /opt/airflow/dags/example.py took 0.064 seconds
[2023-08-30T18:15:03.042+0000] {processor.py:157} INFO - Started process (PID=70) to work on /opt/airflow/dags/example.py
[2023-08-30T18:15:03.043+0000] {processor.py:829} INFO - Processing file /opt/airflow/dags/example.py for tasks to queue
[2023-08-30T18:15:03.044+0000] {logging_mixin.py:151} INFO - [2023-08-30T18:15:03.044+0000] {dagbag.py:539} INFO - Filling up the DagBag from /opt/airflow/dags/example.py
[2023-08-30T18:15:03.050+0000] {processor.py:839} INFO - DAG(s) dict_keys(['example']) retrieved from /opt/airflow/dags/example.py
[2023-08-30T18:15:03.070+0000] {logging_mixin.py:151} INFO - [2023-08-30T18:15:03.070+0000] {dag.py:2907} INFO - Sync 1 DAGs
[2023-08-30T18:15:03.085+0000] {logging_mixin.py:151} INFO - [2023-08-30T18:15:03.085+0000] {dag.py:3677} INFO - Setting next_dagrun for example to 2023-08-30T17:44:36.920926+00:00, run_after=2023-08-31T17:44:36.920926+00:00
[2023-08-30T18:15:03.097+0000] {processor.py:179} INFO - Processing /opt/airflow/dags/example.py took 0.057 seconds
[2023-08-30T18:15:33.222+0000] {processor.py:157} INFO - Started process (PID=95) to work on /opt/airflow/dags/example.py
[2023-08-30T18:15:33.233+0000] {processor.py:829} INFO - Processing file /opt/airflow/dags/example.py for tasks to queue
[2023-08-30T18:15:33.236+0000] {logging_mixin.py:151} INFO - [2023-08-30T18:15:33.235+0000] {dagbag.py:539} INFO - Filling up the DagBag from /opt/airflow/dags/example.py
[2023-08-30T18:15:33.240+0000] {processor.py:839} INFO - DAG(s) dict_keys(['example']) retrieved from /opt/airflow/dags/example.py
[2023-08-30T18:15:33.257+0000] {logging_mixin.py:151} INFO - [2023-08-30T18:15:33.257+0000] {dag.py:2907} INFO - Sync 1 DAGs
[2023-08-30T18:15:33.271+0000] {logging_mixin.py:151} INFO - [2023-08-30T18:15:33.270+0000] {dag.py:3677} INFO - Setting next_dagrun for example to 2023-08-30T17:44:36.920926+00:00, run_after=2023-08-31T17:44:36.920926+00:00
[2023-08-30T18:15:33.282+0000] {processor.py:179} INFO - Processing /opt/airflow/dags/example.py took 0.062 seconds
[2023-08-30T18:16:03.382+0000] {processor.py:157} INFO - Started process (PID=112) to work on /opt/airflow/dags/example.py
[2023-08-30T18:16:03.383+0000] {processor.py:829} INFO - Processing file /opt/airflow/dags/example.py for tasks to queue
[2023-08-30T18:16:03.384+0000] {logging_mixin.py:151} INFO - [2023-08-30T18:16:03.384+0000] {dagbag.py:539} INFO - Filling up the DagBag from /opt/airflow/dags/example.py
[2023-08-30T18:16:03.390+0000] {processor.py:839} INFO - DAG(s) dict_keys(['example']) retrieved from /opt/airflow/dags/example.py
[2023-08-30T18:16:03.460+0000] {logging_mixin.py:151} INFO - [2023-08-30T18:16:03.460+0000] {dag.py:2907} INFO - Sync 1 DAGs
[2023-08-30T18:16:03.476+0000] {logging_mixin.py:151} INFO - [2023-08-30T18:16:03.475+0000] {dag.py:3677} INFO - Setting next_dagrun for example to 2023-08-30T17:44:36.920926+00:00, run_after=2023-08-31T17:44:36.920926+00:00
[2023-08-30T18:16:03.488+0000] {processor.py:179} INFO - Processing /opt/airflow/dags/example.py took 0.107 seconds
[2023-08-30T18:16:33.574+0000] {processor.py:157} INFO - Started process (PID=137) to work on /opt/airflow/dags/example.py
[2023-08-30T18:16:33.574+0000] {processor.py:829} INFO - Processing file /opt/airflow/dags/example.py for tasks to queue
[2023-08-30T18:16:33.575+0000] {logging_mixin.py:151} INFO - [2023-08-30T18:16:33.575+0000] {dagbag.py:539} INFO - Filling up the DagBag from /opt/airflow/dags/example.py
[2023-08-30T18:16:33.580+0000] {processor.py:839} INFO - DAG(s) dict_keys(['example']) retrieved from /opt/airflow/dags/example.py
[2023-08-30T18:16:33.597+0000] {logging_mixin.py:151} INFO - [2023-08-30T18:16:33.597+0000] {dag.py:2907} INFO - Sync 1 DAGs
[2023-08-30T18:16:33.611+0000] {logging_mixin.py:151} INFO - [2023-08-30T18:16:33.611+0000] {dag.py:3677} INFO - Setting next_dagrun for example to 2023-08-30T17:44:36.920926+00:00, run_after=2023-08-31T17:44:36.920926+00:00
[2023-08-30T18:16:33.720+0000] {processor.py:179} INFO - Processing /opt/airflow/dags/example.py took 0.148 seconds
[2023-08-30T18:17:03.851+0000] {processor.py:157} INFO - Started process (PID=162) to work on /opt/airflow/dags/example.py
[2023-08-30T18:17:03.852+0000] {processor.py:829} INFO - Processing file /opt/airflow/dags/example.py for tasks to queue
[2023-08-30T18:17:03.853+0000] {logging_mixin.py:151} INFO - [2023-08-30T18:17:03.852+0000] {dagbag.py:539} INFO - Filling up the DagBag from /opt/airflow/dags/example.py
[2023-08-30T18:17:03.858+0000] {processor.py:839} INFO - DAG(s) dict_keys(['example']) retrieved from /opt/airflow/dags/example.py
[2023-08-30T18:17:03.874+0000] {logging_mixin.py:151} INFO - [2023-08-30T18:17:03.874+0000] {dag.py:2907} INFO - Sync 1 DAGs
[2023-08-30T18:17:03.971+0000] {logging_mixin.py:151} INFO - [2023-08-30T18:17:03.971+0000] {dag.py:3677} INFO - Setting next_dagrun for example to 2023-08-30T17:44:36.920926+00:00, run_after=2023-08-31T17:44:36.920926+00:00
[2023-08-30T18:17:03.992+0000] {processor.py:179} INFO - Processing /opt/airflow/dags/example.py took 0.143 seconds
[2023-08-30T18:18:21.829+0000] {processor.py:157} INFO - Started process (PID=53) to work on /opt/airflow/dags/example.py
[2023-08-30T18:18:21.829+0000] {processor.py:829} INFO - Processing file /opt/airflow/dags/example.py for tasks to queue
[2023-08-30T18:18:21.831+0000] {logging_mixin.py:151} INFO - [2023-08-30T18:18:21.831+0000] {dagbag.py:539} INFO - Filling up the DagBag from /opt/airflow/dags/example.py
[2023-08-30T18:18:21.838+0000] {processor.py:839} INFO - DAG(s) dict_keys(['example']) retrieved from /opt/airflow/dags/example.py
[2023-08-30T18:18:21.856+0000] {logging_mixin.py:151} INFO - [2023-08-30T18:18:21.855+0000] {dag.py:2907} INFO - Sync 1 DAGs
[2023-08-30T18:18:21.873+0000] {logging_mixin.py:151} INFO - [2023-08-30T18:18:21.873+0000] {dag.py:3677} INFO - Setting next_dagrun for example to 2023-08-30T17:44:36.920926+00:00, run_after=2023-08-31T17:44:36.920926+00:00
[2023-08-30T18:18:21.888+0000] {processor.py:179} INFO - Processing /opt/airflow/dags/example.py took 0.061 seconds
[2023-08-30T18:18:51.974+0000] {processor.py:157} INFO - Started process (PID=70) to work on /opt/airflow/dags/example.py
[2023-08-30T18:18:51.976+0000] {processor.py:829} INFO - Processing file /opt/airflow/dags/example.py for tasks to queue
[2023-08-30T18:18:51.977+0000] {logging_mixin.py:151} INFO - [2023-08-30T18:18:51.977+0000] {dagbag.py:539} INFO - Filling up the DagBag from /opt/airflow/dags/example.py
[2023-08-30T18:18:51.984+0000] {processor.py:839} INFO - DAG(s) dict_keys(['example']) retrieved from /opt/airflow/dags/example.py
[2023-08-30T18:18:52.003+0000] {logging_mixin.py:151} INFO - [2023-08-30T18:18:52.003+0000] {dag.py:2907} INFO - Sync 1 DAGs
[2023-08-30T18:18:52.018+0000] {logging_mixin.py:151} INFO - [2023-08-30T18:18:52.018+0000] {dag.py:3677} INFO - Setting next_dagrun for example to 2023-08-30T17:44:36.920926+00:00, run_after=2023-08-31T17:44:36.920926+00:00
[2023-08-30T18:18:52.028+0000] {processor.py:179} INFO - Processing /opt/airflow/dags/example.py took 0.056 seconds
[2023-08-30T18:19:22.142+0000] {processor.py:157} INFO - Started process (PID=95) to work on /opt/airflow/dags/example.py
[2023-08-30T18:19:22.142+0000] {processor.py:829} INFO - Processing file /opt/airflow/dags/example.py for tasks to queue
[2023-08-30T18:19:22.144+0000] {logging_mixin.py:151} INFO - [2023-08-30T18:19:22.144+0000] {dagbag.py:539} INFO - Filling up the DagBag from /opt/airflow/dags/example.py
[2023-08-30T18:19:22.149+0000] {processor.py:839} INFO - DAG(s) dict_keys(['example']) retrieved from /opt/airflow/dags/example.py
[2023-08-30T18:19:22.165+0000] {logging_mixin.py:151} INFO - [2023-08-30T18:19:22.165+0000] {dag.py:2907} INFO - Sync 1 DAGs
[2023-08-30T18:19:22.178+0000] {logging_mixin.py:151} INFO - [2023-08-30T18:19:22.177+0000] {dag.py:3677} INFO - Setting next_dagrun for example to 2023-08-30T17:44:36.920926+00:00, run_after=2023-08-31T17:44:36.920926+00:00
[2023-08-30T18:19:22.187+0000] {processor.py:179} INFO - Processing /opt/airflow/dags/example.py took 0.047 seconds
[2023-08-30T18:19:52.294+0000] {processor.py:157} INFO - Started process (PID=120) to work on /opt/airflow/dags/example.py
[2023-08-30T18:19:52.305+0000] {processor.py:829} INFO - Processing file /opt/airflow/dags/example.py for tasks to queue
[2023-08-30T18:19:52.306+0000] {logging_mixin.py:151} INFO - [2023-08-30T18:19:52.306+0000] {dagbag.py:539} INFO - Filling up the DagBag from /opt/airflow/dags/example.py
[2023-08-30T18:19:52.312+0000] {processor.py:839} INFO - DAG(s) dict_keys(['example']) retrieved from /opt/airflow/dags/example.py
[2023-08-30T18:19:52.329+0000] {logging_mixin.py:151} INFO - [2023-08-30T18:19:52.329+0000] {dag.py:2907} INFO - Sync 1 DAGs
[2023-08-30T18:19:52.344+0000] {logging_mixin.py:151} INFO - [2023-08-30T18:19:52.344+0000] {dag.py:3677} INFO - Setting next_dagrun for example to 2023-08-30T17:44:36.920926+00:00, run_after=2023-08-31T17:44:36.920926+00:00
[2023-08-30T18:19:52.356+0000] {processor.py:179} INFO - Processing /opt/airflow/dags/example.py took 0.063 seconds
[2023-08-30T18:20:22.461+0000] {processor.py:157} INFO - Started process (PID=137) to work on /opt/airflow/dags/example.py
[2023-08-30T18:20:22.472+0000] {processor.py:829} INFO - Processing file /opt/airflow/dags/example.py for tasks to queue
[2023-08-30T18:20:22.474+0000] {logging_mixin.py:151} INFO - [2023-08-30T18:20:22.474+0000] {dagbag.py:539} INFO - Filling up the DagBag from /opt/airflow/dags/example.py
[2023-08-30T18:20:22.479+0000] {processor.py:839} INFO - DAG(s) dict_keys(['example']) retrieved from /opt/airflow/dags/example.py
[2023-08-30T18:20:22.496+0000] {logging_mixin.py:151} INFO - [2023-08-30T18:20:22.496+0000] {dag.py:2907} INFO - Sync 1 DAGs
[2023-08-30T18:20:22.510+0000] {logging_mixin.py:151} INFO - [2023-08-30T18:20:22.509+0000] {dag.py:3677} INFO - Setting next_dagrun for example to 2023-08-30T17:44:36.920926+00:00, run_after=2023-08-31T17:44:36.920926+00:00
[2023-08-30T18:20:22.607+0000] {processor.py:179} INFO - Processing /opt/airflow/dags/example.py took 0.147 seconds
[2023-08-30T18:20:52.623+0000] {processor.py:157} INFO - Started process (PID=162) to work on /opt/airflow/dags/example.py
[2023-08-30T18:20:52.634+0000] {processor.py:829} INFO - Processing file /opt/airflow/dags/example.py for tasks to queue
[2023-08-30T18:20:52.635+0000] {logging_mixin.py:151} INFO - [2023-08-30T18:20:52.635+0000] {dagbag.py:539} INFO - Filling up the DagBag from /opt/airflow/dags/example.py
[2023-08-30T18:20:52.641+0000] {processor.py:839} INFO - DAG(s) dict_keys(['example']) retrieved from /opt/airflow/dags/example.py
[2023-08-30T18:20:52.657+0000] {logging_mixin.py:151} INFO - [2023-08-30T18:20:52.657+0000] {dag.py:2907} INFO - Sync 1 DAGs
[2023-08-30T18:20:52.761+0000] {logging_mixin.py:151} INFO - [2023-08-30T18:20:52.761+0000] {dag.py:3677} INFO - Setting next_dagrun for example to 2023-08-30T17:44:36.920926+00:00, run_after=2023-08-31T17:44:36.920926+00:00
[2023-08-30T18:20:52.771+0000] {processor.py:179} INFO - Processing /opt/airflow/dags/example.py took 0.149 seconds
[2023-08-30T18:21:22.886+0000] {processor.py:157} INFO - Started process (PID=179) to work on /opt/airflow/dags/example.py
[2023-08-30T18:21:22.897+0000] {processor.py:829} INFO - Processing file /opt/airflow/dags/example.py for tasks to queue
[2023-08-30T18:21:22.899+0000] {logging_mixin.py:151} INFO - [2023-08-30T18:21:22.899+0000] {dagbag.py:539} INFO - Filling up the DagBag from /opt/airflow/dags/example.py
[2023-08-30T18:21:22.904+0000] {processor.py:839} INFO - DAG(s) dict_keys(['example']) retrieved from /opt/airflow/dags/example.py
[2023-08-30T18:21:22.920+0000] {logging_mixin.py:151} INFO - [2023-08-30T18:21:22.920+0000] {dag.py:2907} INFO - Sync 1 DAGs
[2023-08-30T18:21:23.017+0000] {logging_mixin.py:151} INFO - [2023-08-30T18:21:23.016+0000] {dag.py:3677} INFO - Setting next_dagrun for example to 2023-08-30T17:44:36.920926+00:00, run_after=2023-08-31T17:44:36.920926+00:00
[2023-08-30T18:21:23.038+0000] {processor.py:179} INFO - Processing /opt/airflow/dags/example.py took 0.154 seconds
[2023-08-30T18:21:53.174+0000] {processor.py:157} INFO - Started process (PID=203) to work on /opt/airflow/dags/example.py
[2023-08-30T18:21:53.185+0000] {processor.py:829} INFO - Processing file /opt/airflow/dags/example.py for tasks to queue
[2023-08-30T18:21:53.186+0000] {logging_mixin.py:151} INFO - [2023-08-30T18:21:53.186+0000] {dagbag.py:539} INFO - Filling up the DagBag from /opt/airflow/dags/example.py
[2023-08-30T18:21:53.191+0000] {processor.py:839} INFO - DAG(s) dict_keys(['example']) retrieved from /opt/airflow/dags/example.py
[2023-08-30T18:21:53.296+0000] {logging_mixin.py:151} INFO - [2023-08-30T18:21:53.295+0000] {dag.py:2907} INFO - Sync 1 DAGs
[2023-08-30T18:21:53.308+0000] {logging_mixin.py:151} INFO - [2023-08-30T18:21:53.307+0000] {dag.py:3677} INFO - Setting next_dagrun for example to 2023-08-30T17:44:36.920926+00:00, run_after=2023-08-31T17:44:36.920926+00:00
[2023-08-30T18:21:53.318+0000] {processor.py:179} INFO - Processing /opt/airflow/dags/example.py took 0.146 seconds
[2023-08-30T18:22:23.559+0000] {processor.py:157} INFO - Started process (PID=228) to work on /opt/airflow/dags/example.py
[2023-08-30T18:22:23.569+0000] {processor.py:829} INFO - Processing file /opt/airflow/dags/example.py for tasks to queue
[2023-08-30T18:22:23.571+0000] {logging_mixin.py:151} INFO - [2023-08-30T18:22:23.571+0000] {dagbag.py:539} INFO - Filling up the DagBag from /opt/airflow/dags/example.py
[2023-08-30T18:22:23.577+0000] {processor.py:839} INFO - DAG(s) dict_keys(['example']) retrieved from /opt/airflow/dags/example.py
[2023-08-30T18:22:23.595+0000] {logging_mixin.py:151} INFO - [2023-08-30T18:22:23.595+0000] {dag.py:2907} INFO - Sync 1 DAGs
[2023-08-30T18:22:23.610+0000] {logging_mixin.py:151} INFO - [2023-08-30T18:22:23.610+0000] {dag.py:3677} INFO - Setting next_dagrun for example to 2023-08-30T17:44:36.920926+00:00, run_after=2023-08-31T17:44:36.920926+00:00
[2023-08-30T18:22:23.621+0000] {processor.py:179} INFO - Processing /opt/airflow/dags/example.py took 0.065 seconds
[2023-08-30T18:22:53.719+0000] {processor.py:157} INFO - Started process (PID=245) to work on /opt/airflow/dags/example.py
[2023-08-30T18:22:53.729+0000] {processor.py:829} INFO - Processing file /opt/airflow/dags/example.py for tasks to queue
[2023-08-30T18:22:53.730+0000] {logging_mixin.py:151} INFO - [2023-08-30T18:22:53.730+0000] {dagbag.py:539} INFO - Filling up the DagBag from /opt/airflow/dags/example.py
[2023-08-30T18:22:53.736+0000] {processor.py:839} INFO - DAG(s) dict_keys(['example']) retrieved from /opt/airflow/dags/example.py
[2023-08-30T18:22:53.752+0000] {logging_mixin.py:151} INFO - [2023-08-30T18:22:53.752+0000] {dag.py:2907} INFO - Sync 1 DAGs
[2023-08-30T18:22:53.766+0000] {logging_mixin.py:151} INFO - [2023-08-30T18:22:53.765+0000] {dag.py:3677} INFO - Setting next_dagrun for example to 2023-08-30T17:44:36.920926+00:00, run_after=2023-08-31T17:44:36.920926+00:00
[2023-08-30T18:22:53.776+0000] {processor.py:179} INFO - Processing /opt/airflow/dags/example.py took 0.060 seconds
[2023-08-30T18:23:23.910+0000] {processor.py:157} INFO - Started process (PID=270) to work on /opt/airflow/dags/example.py
[2023-08-30T18:23:23.920+0000] {processor.py:829} INFO - Processing file /opt/airflow/dags/example.py for tasks to queue
[2023-08-30T18:23:23.921+0000] {logging_mixin.py:151} INFO - [2023-08-30T18:23:23.921+0000] {dagbag.py:539} INFO - Filling up the DagBag from /opt/airflow/dags/example.py
[2023-08-30T18:23:23.927+0000] {processor.py:839} INFO - DAG(s) dict_keys(['example']) retrieved from /opt/airflow/dags/example.py
[2023-08-30T18:23:23.945+0000] {logging_mixin.py:151} INFO - [2023-08-30T18:23:23.945+0000] {dag.py:2907} INFO - Sync 1 DAGs
[2023-08-30T18:23:23.959+0000] {logging_mixin.py:151} INFO - [2023-08-30T18:23:23.959+0000] {dag.py:3677} INFO - Setting next_dagrun for example to 2023-08-30T17:44:36.920926+00:00, run_after=2023-08-31T17:44:36.920926+00:00
[2023-08-30T18:23:23.971+0000] {processor.py:179} INFO - Processing /opt/airflow/dags/example.py took 0.063 seconds
[2023-08-30T18:23:54.059+0000] {processor.py:157} INFO - Started process (PID=287) to work on /opt/airflow/dags/example.py
[2023-08-30T18:23:54.070+0000] {processor.py:829} INFO - Processing file /opt/airflow/dags/example.py for tasks to queue
[2023-08-30T18:23:54.072+0000] {logging_mixin.py:151} INFO - [2023-08-30T18:23:54.072+0000] {dagbag.py:539} INFO - Filling up the DagBag from /opt/airflow/dags/example.py
[2023-08-30T18:23:54.078+0000] {processor.py:839} INFO - DAG(s) dict_keys(['example']) retrieved from /opt/airflow/dags/example.py
[2023-08-30T18:23:54.096+0000] {logging_mixin.py:151} INFO - [2023-08-30T18:23:54.096+0000] {dag.py:2907} INFO - Sync 1 DAGs
[2023-08-30T18:23:54.109+0000] {logging_mixin.py:151} INFO - [2023-08-30T18:23:54.109+0000] {dag.py:3677} INFO - Setting next_dagrun for example to 2023-08-30T17:44:36.920926+00:00, run_after=2023-08-31T17:44:36.920926+00:00
[2023-08-30T18:23:54.119+0000] {processor.py:179} INFO - Processing /opt/airflow/dags/example.py took 0.062 seconds
[2023-08-30T18:24:24.270+0000] {processor.py:157} INFO - Started process (PID=312) to work on /opt/airflow/dags/example.py
[2023-08-30T18:24:24.281+0000] {processor.py:829} INFO - Processing file /opt/airflow/dags/example.py for tasks to queue
[2023-08-30T18:24:24.282+0000] {logging_mixin.py:151} INFO - [2023-08-30T18:24:24.282+0000] {dagbag.py:539} INFO - Filling up the DagBag from /opt/airflow/dags/example.py
[2023-08-30T18:24:24.287+0000] {processor.py:839} INFO - DAG(s) dict_keys(['example']) retrieved from /opt/airflow/dags/example.py
[2023-08-30T18:24:24.303+0000] {logging_mixin.py:151} INFO - [2023-08-30T18:24:24.303+0000] {dag.py:2907} INFO - Sync 1 DAGs
[2023-08-30T18:24:24.315+0000] {logging_mixin.py:151} INFO - [2023-08-30T18:24:24.315+0000] {dag.py:3677} INFO - Setting next_dagrun for example to 2023-08-30T17:44:36.920926+00:00, run_after=2023-08-31T17:44:36.920926+00:00
[2023-08-30T18:24:24.325+0000] {processor.py:179} INFO - Processing /opt/airflow/dags/example.py took 0.056 seconds
[2023-08-30T18:24:54.407+0000] {processor.py:157} INFO - Started process (PID=336) to work on /opt/airflow/dags/example.py
[2023-08-30T18:24:54.417+0000] {processor.py:829} INFO - Processing file /opt/airflow/dags/example.py for tasks to queue
[2023-08-30T18:24:54.419+0000] {logging_mixin.py:151} INFO - [2023-08-30T18:24:54.418+0000] {dagbag.py:539} INFO - Filling up the DagBag from /opt/airflow/dags/example.py
[2023-08-30T18:24:54.424+0000] {processor.py:839} INFO - DAG(s) dict_keys(['example']) retrieved from /opt/airflow/dags/example.py
[2023-08-30T18:24:54.442+0000] {logging_mixin.py:151} INFO - [2023-08-30T18:24:54.442+0000] {dag.py:2907} INFO - Sync 1 DAGs
[2023-08-30T18:24:54.456+0000] {logging_mixin.py:151} INFO - [2023-08-30T18:24:54.456+0000] {dag.py:3677} INFO - Setting next_dagrun for example to 2023-08-30T17:44:36.920926+00:00, run_after=2023-08-31T17:44:36.920926+00:00
[2023-08-30T18:24:54.469+0000] {processor.py:179} INFO - Processing /opt/airflow/dags/example.py took 0.065 seconds
[2023-08-30T18:25:24.604+0000] {processor.py:157} INFO - Started process (PID=354) to work on /opt/airflow/dags/example.py
[2023-08-30T18:25:24.614+0000] {processor.py:829} INFO - Processing file /opt/airflow/dags/example.py for tasks to queue
[2023-08-30T18:25:24.615+0000] {logging_mixin.py:151} INFO - [2023-08-30T18:25:24.615+0000] {dagbag.py:539} INFO - Filling up the DagBag from /opt/airflow/dags/example.py
[2023-08-30T18:25:24.621+0000] {processor.py:839} INFO - DAG(s) dict_keys(['example']) retrieved from /opt/airflow/dags/example.py
[2023-08-30T18:25:24.638+0000] {logging_mixin.py:151} INFO - [2023-08-30T18:25:24.637+0000] {dag.py:2907} INFO - Sync 1 DAGs
[2023-08-30T18:25:24.651+0000] {logging_mixin.py:151} INFO - [2023-08-30T18:25:24.651+0000] {dag.py:3677} INFO - Setting next_dagrun for example to 2023-08-30T17:44:36.920926+00:00, run_after=2023-08-31T17:44:36.920926+00:00
[2023-08-30T18:25:24.662+0000] {processor.py:179} INFO - Processing /opt/airflow/dags/example.py took 0.060 seconds
[2023-08-30T18:25:54.747+0000] {processor.py:157} INFO - Started process (PID=379) to work on /opt/airflow/dags/example.py
[2023-08-30T18:25:54.758+0000] {processor.py:829} INFO - Processing file /opt/airflow/dags/example.py for tasks to queue
[2023-08-30T18:25:54.759+0000] {logging_mixin.py:151} INFO - [2023-08-30T18:25:54.759+0000] {dagbag.py:539} INFO - Filling up the DagBag from /opt/airflow/dags/example.py
[2023-08-30T18:25:54.765+0000] {processor.py:839} INFO - DAG(s) dict_keys(['example']) retrieved from /opt/airflow/dags/example.py
[2023-08-30T18:25:54.781+0000] {logging_mixin.py:151} INFO - [2023-08-30T18:25:54.781+0000] {dag.py:2907} INFO - Sync 1 DAGs
[2023-08-30T18:25:54.795+0000] {logging_mixin.py:151} INFO - [2023-08-30T18:25:54.795+0000] {dag.py:3677} INFO - Setting next_dagrun for example to 2023-08-30T17:44:36.920926+00:00, run_after=2023-08-31T17:44:36.920926+00:00
[2023-08-30T18:25:54.805+0000] {processor.py:179} INFO - Processing /opt/airflow/dags/example.py took 0.060 seconds
